Invalid HTTP_HOST header: '127.0.0.1:8000'. You may need to add '127.0.0.1' to ALLOWED_HOSTS.
Traceback (most recent call last):
  File "C:\Users\Rearms\AppData\Local\Programs\Python\Python311\Lib\site-packages\django\core\handlers\exception.py", line 55, in inner
    response = get_response(request)
               ^^^^^^^^^^^^^^^^^^^^^
  File "C:\Users\Rearms\AppData\Local\Programs\Python\Python311\Lib\site-packages\django\utils\deprecation.py", line 133, in __call__
    response = self.process_request(request)
               ^^^^^^^^^^^^^^^^^^^^^^^^^^^^^
  File "C:\Users\Rearms\AppData\Local\Programs\Python\Python311\Lib\site-packages\django\middleware\common.py", line 48, in process_request
    host = request.get_host()
           ^^^^^^^^^^^^^^^^^^
  File "C:\Users\Rearms\AppData\Local\Programs\Python\Python311\Lib\site-packages\django\http\request.py", line 150, in get_host
    raise DisallowedHost(msg)
django.core.exceptions.DisallowedHost: Invalid HTTP_HOST header: '127.0.0.1:8000'. You may need to add '127.0.0.1' to ALLOWED_HOSTS.
Bad Request: /api/products/
C:\Users\Rearms\Desktop\Ecommerce\django\backend\settings.py changed, reloading.
Watching for file changes with StatReloader
Session data corrupted
Session data corrupted
Not Found: /static/admin/css/login.css
Not Found: /favicon.ico
Session data corrupted
Not Found: /static/admin/js/vendor/jquery/jquery.min.js
Not Found: /static/admin/js/vendor/xregexp/xregexp.min.js
Not Found: /static/admin/img/sorting-icons.svg
C:\Users\Rearms\Desktop\Ecommerce\django\backend\settings.py changed, reloading.
Watching for file changes with StatReloader
C:\Users\Rearms\Desktop\Ecommerce\django\backend\settings.py changed, reloading.
Watching for file changes with StatReloader
Internal Server Error: /admin/
Traceback (most recent call last):
  File "C:\Users\Rearms\AppData\Local\Programs\Python\Python311\Lib\site-packages\django\core\files\storage\handler.py", line 35, in __getitem__
    return self._storages[alias]
           ~~~~~~~~~~~~~~^^^^^^^
KeyError: 'staticfiles'

During handling of the above exception, another exception occurred:

Traceback (most recent call last):
  File "C:\Users\Rearms\AppData\Local\Programs\Python\Python311\Lib\site-packages\django\core\handlers\exception.py", line 55, in inner
    response = get_response(request)
               ^^^^^^^^^^^^^^^^^^^^^
  File "C:\Users\Rearms\AppData\Local\Programs\Python\Python311\Lib\site-packages\django\core\handlers\base.py", line 220, in _get_response
    response = response.render()
               ^^^^^^^^^^^^^^^^^
  File "C:\Users\Rearms\AppData\Local\Programs\Python\Python311\Lib\site-packages\django\template\response.py", line 114, in render
    self.content = self.rendered_content
                   ^^^^^^^^^^^^^^^^^^^^^
  File "C:\Users\Rearms\AppData\Local\Programs\Python\Python311\Lib\site-packages\django\template\response.py", line 92, in rendered_content
    return template.render(context, self._request)
           ^^^^^^^^^^^^^^^^^^^^^^^^^^^^^^^^^^^^^^^
  File "C:\Users\Rearms\AppData\Local\Programs\Python\Python311\Lib\site-packages\django\template\backends\django.py", line 61, in render
    return self.template.render(context)
           ^^^^^^^^^^^^^^^^^^^^^^^^^^^^^
  File "C:\Users\Rearms\AppData\Local\Programs\Python\Python311\Lib\site-packages\django\template\base.py", line 175, in render
    return self._render(context)
           ^^^^^^^^^^^^^^^^^^^^^
  File "C:\Users\Rearms\AppData\Local\Programs\Python\Python311\Lib\site-packages\django\template\base.py", line 167, in _render
    return self.nodelist.render(context)
           ^^^^^^^^^^^^^^^^^^^^^^^^^^^^^
  File "C:\Users\Rearms\AppData\Local\Programs\Python\Python311\Lib\site-packages\django\template\base.py", line 1005, in render
    return SafeString("".join([node.render_annotated(context) for node in self]))
                              ^^^^^^^^^^^^^^^^^^^^^^^^^^^^^^^^^^^^^^^^^^^^^^^^^
  File "C:\Users\Rearms\AppData\Local\Programs\Python\Python311\Lib\site-packages\django\template\base.py", line 1005, in <listcomp>
    return SafeString("".join([node.render_annotated(context) for node in self]))
                               ^^^^^^^^^^^^^^^^^^^^^^^^^^^^^^
  File "C:\Users\Rearms\AppData\Local\Programs\Python\Python311\Lib\site-packages\django\template\base.py", line 966, in render_annotated
    return self.render(context)
           ^^^^^^^^^^^^^^^^^^^^
  File "C:\Users\Rearms\AppData\Local\Programs\Python\Python311\Lib\site-packages\django\template\loader_tags.py", line 157, in render
    return compiled_parent._render(context)
           ^^^^^^^^^^^^^^^^^^^^^^^^^^^^^^^^
  File "C:\Users\Rearms\AppData\Local\Programs\Python\Python311\Lib\site-packages\django\template\base.py", line 167, in _render
    return self.nodelist.render(context)
           ^^^^^^^^^^^^^^^^^^^^^^^^^^^^^
  File "C:\Users\Rearms\AppData\Local\Programs\Python\Python311\Lib\site-packages\django\template\base.py", line 1005, in render
    return SafeString("".join([node.render_annotated(context) for node in self]))
                              ^^^^^^^^^^^^^^^^^^^^^^^^^^^^^^^^^^^^^^^^^^^^^^^^^
  File "C:\Users\Rearms\AppData\Local\Programs\Python\Python311\Lib\site-packages\django\template\base.py", line 1005, in <listcomp>
    return SafeString("".join([node.render_annotated(context) for node in self]))
                               ^^^^^^^^^^^^^^^^^^^^^^^^^^^^^^
  File "C:\Users\Rearms\AppData\Local\Programs\Python\Python311\Lib\site-packages\django\template\base.py", line 966, in render_annotated
    return self.render(context)
           ^^^^^^^^^^^^^^^^^^^^
  File "C:\Users\Rearms\AppData\Local\Programs\Python\Python311\Lib\site-packages\django\template\loader_tags.py", line 157, in render
    return compiled_parent._render(context)
           ^^^^^^^^^^^^^^^^^^^^^^^^^^^^^^^^
  File "C:\Users\Rearms\AppData\Local\Programs\Python\Python311\Lib\site-packages\django\template\base.py", line 167, in _render
    return self.nodelist.render(context)
           ^^^^^^^^^^^^^^^^^^^^^^^^^^^^^
  File "C:\Users\Rearms\AppData\Local\Programs\Python\Python311\Lib\site-packages\django\template\base.py", line 1005, in render
    return SafeString("".join([node.render_annotated(context) for node in self]))
                              ^^^^^^^^^^^^^^^^^^^^^^^^^^^^^^^^^^^^^^^^^^^^^^^^^
  File "C:\Users\Rearms\AppData\Local\Programs\Python\Python311\Lib\site-packages\django\template\base.py", line 1005, in <listcomp>
    return SafeString("".join([node.render_annotated(context) for node in self]))
                               ^^^^^^^^^^^^^^^^^^^^^^^^^^^^^^
  File "C:\Users\Rearms\AppData\Local\Programs\Python\Python311\Lib\site-packages\django\template\base.py", line 966, in render_annotated
    return self.render(context)
           ^^^^^^^^^^^^^^^^^^^^
  File "C:\Users\Rearms\AppData\Local\Programs\Python\Python311\Lib\site-packages\django\template\loader_tags.py", line 63, in render
    result = block.nodelist.render(context)
             ^^^^^^^^^^^^^^^^^^^^^^^^^^^^^^
  File "C:\Users\Rearms\AppData\Local\Programs\Python\Python311\Lib\site-packages\django\template\base.py", line 1005, in render
    return SafeString("".join([node.render_annotated(context) for node in self]))
                              ^^^^^^^^^^^^^^^^^^^^^^^^^^^^^^^^^^^^^^^^^^^^^^^^^
  File "C:\Users\Rearms\AppData\Local\Programs\Python\Python311\Lib\site-packages\django\template\base.py", line 1005, in <listcomp>
    return SafeString("".join([node.render_annotated(context) for node in self]))
                               ^^^^^^^^^^^^^^^^^^^^^^^^^^^^^^
  File "C:\Users\Rearms\AppData\Local\Programs\Python\Python311\Lib\site-packages\django\template\base.py", line 966, in render_annotated
    return self.render(context)
           ^^^^^^^^^^^^^^^^^^^^
  File "C:\Users\Rearms\AppData\Local\Programs\Python\Python311\Lib\site-packages\django\templatetags\static.py", line 116, in render
    url = self.url(context)
          ^^^^^^^^^^^^^^^^^
  File "C:\Users\Rearms\AppData\Local\Programs\Python\Python311\Lib\site-packages\django\templatetags\static.py", line 113, in url
    return self.handle_simple(path)
           ^^^^^^^^^^^^^^^^^^^^^^^^
  File "C:\Users\Rearms\AppData\Local\Programs\Python\Python311\Lib\site-packages\django\templatetags\static.py", line 129, in handle_simple
    return staticfiles_storage.url(path)
           ^^^^^^^^^^^^^^^^^^^^^^^
  File "C:\Users\Rearms\AppData\Local\Programs\Python\Python311\Lib\site-packages\django\utils\functional.py", line 266, in inner
    self._setup()
  File "C:\Users\Rearms\AppData\Local\Programs\Python\Python311\Lib\site-packages\django\contrib\staticfiles\storage.py", line 537, in _setup
    self._wrapped = storages[STATICFILES_STORAGE_ALIAS]
                    ~~~~~~~~^^^^^^^^^^^^^^^^^^^^^^^^^^^
  File "C:\Users\Rearms\AppData\Local\Programs\Python\Python311\Lib\site-packages\django\core\files\storage\handler.py", line 43, in __getitem__
    storage = self.create_storage(params)
              ^^^^^^^^^^^^^^^^^^^^^^^^^^^
  File "C:\Users\Rearms\AppData\Local\Programs\Python\Python311\Lib\site-packages\django\core\files\storage\handler.py", line 55, in create_storage
    return storage_cls(**options)
           ^^^^^^^^^^^^^^^^^^^^^^
  File "C:\Users\Rearms\AppData\Local\Programs\Python\Python311\Lib\site-packages\django\contrib\staticfiles\storage.py", line 29, in __init__
    check_settings(base_url)
  File "C:\Users\Rearms\AppData\Local\Programs\Python\Python311\Lib\site-packages\django\contrib\staticfiles\utils.py", line 49, in check_settings
    raise ImproperlyConfigured(
django.core.exceptions.ImproperlyConfigured: You're using the staticfiles app without having set the required STATIC_URL setting.
Internal Server Error: /admin/
Traceback (most recent call last):
  File "C:\Users\Rearms\AppData\Local\Programs\Python\Python311\Lib\site-packages\django\core\files\storage\handler.py", line 35, in __getitem__
    return self._storages[alias]
           ~~~~~~~~~~~~~~^^^^^^^
KeyError: 'staticfiles'

During handling of the above exception, another exception occurred:

Traceback (most recent call last):
  File "C:\Users\Rearms\AppData\Local\Programs\Python\Python311\Lib\site-packages\django\core\handlers\exception.py", line 55, in inner
    response = get_response(request)
               ^^^^^^^^^^^^^^^^^^^^^
  File "C:\Users\Rearms\AppData\Local\Programs\Python\Python311\Lib\site-packages\django\core\handlers\base.py", line 220, in _get_response
    response = response.render()
               ^^^^^^^^^^^^^^^^^
  File "C:\Users\Rearms\AppData\Local\Programs\Python\Python311\Lib\site-packages\django\template\response.py", line 114, in render
    self.content = self.rendered_content
                   ^^^^^^^^^^^^^^^^^^^^^
  File "C:\Users\Rearms\AppData\Local\Programs\Python\Python311\Lib\site-packages\django\template\response.py", line 92, in rendered_content
    return template.render(context, self._request)
           ^^^^^^^^^^^^^^^^^^^^^^^^^^^^^^^^^^^^^^^
  File "C:\Users\Rearms\AppData\Local\Programs\Python\Python311\Lib\site-packages\django\template\backends\django.py", line 61, in render
    return self.template.render(context)
           ^^^^^^^^^^^^^^^^^^^^^^^^^^^^^
  File "C:\Users\Rearms\AppData\Local\Programs\Python\Python311\Lib\site-packages\django\template\base.py", line 175, in render
    return self._render(context)
           ^^^^^^^^^^^^^^^^^^^^^
  File "C:\Users\Rearms\AppData\Local\Programs\Python\Python311\Lib\site-packages\django\template\base.py", line 167, in _render
    return self.nodelist.render(context)
           ^^^^^^^^^^^^^^^^^^^^^^^^^^^^^
  File "C:\Users\Rearms\AppData\Local\Programs\Python\Python311\Lib\site-packages\django\template\base.py", line 1005, in render
    return SafeString("".join([node.render_annotated(context) for node in self]))
                              ^^^^^^^^^^^^^^^^^^^^^^^^^^^^^^^^^^^^^^^^^^^^^^^^^
  File "C:\Users\Rearms\AppData\Local\Programs\Python\Python311\Lib\site-packages\django\template\base.py", line 1005, in <listcomp>
    return SafeString("".join([node.render_annotated(context) for node in self]))
                               ^^^^^^^^^^^^^^^^^^^^^^^^^^^^^^
  File "C:\Users\Rearms\AppData\Local\Programs\Python\Python311\Lib\site-packages\django\template\base.py", line 966, in render_annotated
    return self.render(context)
           ^^^^^^^^^^^^^^^^^^^^
  File "C:\Users\Rearms\AppData\Local\Programs\Python\Python311\Lib\site-packages\django\template\loader_tags.py", line 157, in render
    return compiled_parent._render(context)
           ^^^^^^^^^^^^^^^^^^^^^^^^^^^^^^^^
  File "C:\Users\Rearms\AppData\Local\Programs\Python\Python311\Lib\site-packages\django\template\base.py", line 167, in _render
    return self.nodelist.render(context)
           ^^^^^^^^^^^^^^^^^^^^^^^^^^^^^
  File "C:\Users\Rearms\AppData\Local\Programs\Python\Python311\Lib\site-packages\django\template\base.py", line 1005, in render
    return SafeString("".join([node.render_annotated(context) for node in self]))
                              ^^^^^^^^^^^^^^^^^^^^^^^^^^^^^^^^^^^^^^^^^^^^^^^^^
  File "C:\Users\Rearms\AppData\Local\Programs\Python\Python311\Lib\site-packages\django\template\base.py", line 1005, in <listcomp>
    return SafeString("".join([node.render_annotated(context) for node in self]))
                               ^^^^^^^^^^^^^^^^^^^^^^^^^^^^^^
  File "C:\Users\Rearms\AppData\Local\Programs\Python\Python311\Lib\site-packages\django\template\base.py", line 966, in render_annotated
    return self.render(context)
           ^^^^^^^^^^^^^^^^^^^^
  File "C:\Users\Rearms\AppData\Local\Programs\Python\Python311\Lib\site-packages\django\template\loader_tags.py", line 157, in render
    return compiled_parent._render(context)
           ^^^^^^^^^^^^^^^^^^^^^^^^^^^^^^^^
  File "C:\Users\Rearms\AppData\Local\Programs\Python\Python311\Lib\site-packages\django\template\base.py", line 167, in _render
    return self.nodelist.render(context)
           ^^^^^^^^^^^^^^^^^^^^^^^^^^^^^
  File "C:\Users\Rearms\AppData\Local\Programs\Python\Python311\Lib\site-packages\django\template\base.py", line 1005, in render
    return SafeString("".join([node.render_annotated(context) for node in self]))
                              ^^^^^^^^^^^^^^^^^^^^^^^^^^^^^^^^^^^^^^^^^^^^^^^^^
  File "C:\Users\Rearms\AppData\Local\Programs\Python\Python311\Lib\site-packages\django\template\base.py", line 1005, in <listcomp>
    return SafeString("".join([node.render_annotated(context) for node in self]))
                               ^^^^^^^^^^^^^^^^^^^^^^^^^^^^^^
  File "C:\Users\Rearms\AppData\Local\Programs\Python\Python311\Lib\site-packages\django\template\base.py", line 966, in render_annotated
    return self.render(context)
           ^^^^^^^^^^^^^^^^^^^^
  File "C:\Users\Rearms\AppData\Local\Programs\Python\Python311\Lib\site-packages\django\template\loader_tags.py", line 63, in render
    result = block.nodelist.render(context)
             ^^^^^^^^^^^^^^^^^^^^^^^^^^^^^^
  File "C:\Users\Rearms\AppData\Local\Programs\Python\Python311\Lib\site-packages\django\template\base.py", line 1005, in render
    return SafeString("".join([node.render_annotated(context) for node in self]))
                              ^^^^^^^^^^^^^^^^^^^^^^^^^^^^^^^^^^^^^^^^^^^^^^^^^
  File "C:\Users\Rearms\AppData\Local\Programs\Python\Python311\Lib\site-packages\django\template\base.py", line 1005, in <listcomp>
    return SafeString("".join([node.render_annotated(context) for node in self]))
                               ^^^^^^^^^^^^^^^^^^^^^^^^^^^^^^
  File "C:\Users\Rearms\AppData\Local\Programs\Python\Python311\Lib\site-packages\django\template\base.py", line 966, in render_annotated
    return self.render(context)
           ^^^^^^^^^^^^^^^^^^^^
  File "C:\Users\Rearms\AppData\Local\Programs\Python\Python311\Lib\site-packages\django\templatetags\static.py", line 116, in render
    url = self.url(context)
          ^^^^^^^^^^^^^^^^^
  File "C:\Users\Rearms\AppData\Local\Programs\Python\Python311\Lib\site-packages\django\templatetags\static.py", line 113, in url
    return self.handle_simple(path)
           ^^^^^^^^^^^^^^^^^^^^^^^^
  File "C:\Users\Rearms\AppData\Local\Programs\Python\Python311\Lib\site-packages\django\templatetags\static.py", line 129, in handle_simple
    return staticfiles_storage.url(path)
           ^^^^^^^^^^^^^^^^^^^^^^^
  File "C:\Users\Rearms\AppData\Local\Programs\Python\Python311\Lib\site-packages\django\utils\functional.py", line 266, in inner
    self._setup()
  File "C:\Users\Rearms\AppData\Local\Programs\Python\Python311\Lib\site-packages\django\contrib\staticfiles\storage.py", line 537, in _setup
    self._wrapped = storages[STATICFILES_STORAGE_ALIAS]
                    ~~~~~~~~^^^^^^^^^^^^^^^^^^^^^^^^^^^
  File "C:\Users\Rearms\AppData\Local\Programs\Python\Python311\Lib\site-packages\django\core\files\storage\handler.py", line 43, in __getitem__
    storage = self.create_storage(params)
              ^^^^^^^^^^^^^^^^^^^^^^^^^^^
  File "C:\Users\Rearms\AppData\Local\Programs\Python\Python311\Lib\site-packages\django\core\files\storage\handler.py", line 55, in create_storage
    return storage_cls(**options)
           ^^^^^^^^^^^^^^^^^^^^^^
  File "C:\Users\Rearms\AppData\Local\Programs\Python\Python311\Lib\site-packages\django\contrib\staticfiles\storage.py", line 29, in __init__
    check_settings(base_url)
  File "C:\Users\Rearms\AppData\Local\Programs\Python\Python311\Lib\site-packages\django\contrib\staticfiles\utils.py", line 49, in check_settings
    raise ImproperlyConfigured(
django.core.exceptions.ImproperlyConfigured: You're using the staticfiles app without having set the required STATIC_URL setting.
Internal Server Error: /admin/
Traceback (most recent call last):
  File "C:\Users\Rearms\AppData\Local\Programs\Python\Python311\Lib\site-packages\django\core\files\storage\handler.py", line 35, in __getitem__
    return self._storages[alias]
           ~~~~~~~~~~~~~~^^^^^^^
KeyError: 'staticfiles'

During handling of the above exception, another exception occurred:

Traceback (most recent call last):
  File "C:\Users\Rearms\AppData\Local\Programs\Python\Python311\Lib\site-packages\django\core\handlers\exception.py", line 55, in inner
    response = get_response(request)
               ^^^^^^^^^^^^^^^^^^^^^
  File "C:\Users\Rearms\AppData\Local\Programs\Python\Python311\Lib\site-packages\django\core\handlers\base.py", line 220, in _get_response
    response = response.render()
               ^^^^^^^^^^^^^^^^^
  File "C:\Users\Rearms\AppData\Local\Programs\Python\Python311\Lib\site-packages\django\template\response.py", line 114, in render
    self.content = self.rendered_content
                   ^^^^^^^^^^^^^^^^^^^^^
  File "C:\Users\Rearms\AppData\Local\Programs\Python\Python311\Lib\site-packages\django\template\response.py", line 92, in rendered_content
    return template.render(context, self._request)
           ^^^^^^^^^^^^^^^^^^^^^^^^^^^^^^^^^^^^^^^
  File "C:\Users\Rearms\AppData\Local\Programs\Python\Python311\Lib\site-packages\django\template\backends\django.py", line 61, in render
    return self.template.render(context)
           ^^^^^^^^^^^^^^^^^^^^^^^^^^^^^
  File "C:\Users\Rearms\AppData\Local\Programs\Python\Python311\Lib\site-packages\django\template\base.py", line 175, in render
    return self._render(context)
           ^^^^^^^^^^^^^^^^^^^^^
  File "C:\Users\Rearms\AppData\Local\Programs\Python\Python311\Lib\site-packages\django\template\base.py", line 167, in _render
    return self.nodelist.render(context)
           ^^^^^^^^^^^^^^^^^^^^^^^^^^^^^
  File "C:\Users\Rearms\AppData\Local\Programs\Python\Python311\Lib\site-packages\django\template\base.py", line 1005, in render
    return SafeString("".join([node.render_annotated(context) for node in self]))
                              ^^^^^^^^^^^^^^^^^^^^^^^^^^^^^^^^^^^^^^^^^^^^^^^^^
  File "C:\Users\Rearms\AppData\Local\Programs\Python\Python311\Lib\site-packages\django\template\base.py", line 1005, in <listcomp>
    return SafeString("".join([node.render_annotated(context) for node in self]))
                               ^^^^^^^^^^^^^^^^^^^^^^^^^^^^^^
  File "C:\Users\Rearms\AppData\Local\Programs\Python\Python311\Lib\site-packages\django\template\base.py", line 966, in render_annotated
    return self.render(context)
           ^^^^^^^^^^^^^^^^^^^^
  File "C:\Users\Rearms\AppData\Local\Programs\Python\Python311\Lib\site-packages\django\template\loader_tags.py", line 157, in render
    return compiled_parent._render(context)
           ^^^^^^^^^^^^^^^^^^^^^^^^^^^^^^^^
  File "C:\Users\Rearms\AppData\Local\Programs\Python\Python311\Lib\site-packages\django\template\base.py", line 167, in _render
    return self.nodelist.render(context)
           ^^^^^^^^^^^^^^^^^^^^^^^^^^^^^
  File "C:\Users\Rearms\AppData\Local\Programs\Python\Python311\Lib\site-packages\django\template\base.py", line 1005, in render
    return SafeString("".join([node.render_annotated(context) for node in self]))
                              ^^^^^^^^^^^^^^^^^^^^^^^^^^^^^^^^^^^^^^^^^^^^^^^^^
  File "C:\Users\Rearms\AppData\Local\Programs\Python\Python311\Lib\site-packages\django\template\base.py", line 1005, in <listcomp>
    return SafeString("".join([node.render_annotated(context) for node in self]))
                               ^^^^^^^^^^^^^^^^^^^^^^^^^^^^^^
  File "C:\Users\Rearms\AppData\Local\Programs\Python\Python311\Lib\site-packages\django\template\base.py", line 966, in render_annotated
    return self.render(context)
           ^^^^^^^^^^^^^^^^^^^^
  File "C:\Users\Rearms\AppData\Local\Programs\Python\Python311\Lib\site-packages\django\template\loader_tags.py", line 157, in render
    return compiled_parent._render(context)
           ^^^^^^^^^^^^^^^^^^^^^^^^^^^^^^^^
  File "C:\Users\Rearms\AppData\Local\Programs\Python\Python311\Lib\site-packages\django\template\base.py", line 167, in _render
    return self.nodelist.render(context)
           ^^^^^^^^^^^^^^^^^^^^^^^^^^^^^
  File "C:\Users\Rearms\AppData\Local\Programs\Python\Python311\Lib\site-packages\django\template\base.py", line 1005, in render
    return SafeString("".join([node.render_annotated(context) for node in self]))
                              ^^^^^^^^^^^^^^^^^^^^^^^^^^^^^^^^^^^^^^^^^^^^^^^^^
  File "C:\Users\Rearms\AppData\Local\Programs\Python\Python311\Lib\site-packages\django\template\base.py", line 1005, in <listcomp>
    return SafeString("".join([node.render_annotated(context) for node in self]))
                               ^^^^^^^^^^^^^^^^^^^^^^^^^^^^^^
  File "C:\Users\Rearms\AppData\Local\Programs\Python\Python311\Lib\site-packages\django\template\base.py", line 966, in render_annotated
    return self.render(context)
           ^^^^^^^^^^^^^^^^^^^^
  File "C:\Users\Rearms\AppData\Local\Programs\Python\Python311\Lib\site-packages\django\template\loader_tags.py", line 63, in render
    result = block.nodelist.render(context)
             ^^^^^^^^^^^^^^^^^^^^^^^^^^^^^^
  File "C:\Users\Rearms\AppData\Local\Programs\Python\Python311\Lib\site-packages\django\template\base.py", line 1005, in render
    return SafeString("".join([node.render_annotated(context) for node in self]))
                              ^^^^^^^^^^^^^^^^^^^^^^^^^^^^^^^^^^^^^^^^^^^^^^^^^
  File "C:\Users\Rearms\AppData\Local\Programs\Python\Python311\Lib\site-packages\django\template\base.py", line 1005, in <listcomp>
    return SafeString("".join([node.render_annotated(context) for node in self]))
                               ^^^^^^^^^^^^^^^^^^^^^^^^^^^^^^
  File "C:\Users\Rearms\AppData\Local\Programs\Python\Python311\Lib\site-packages\django\template\base.py", line 966, in render_annotated
    return self.render(context)
           ^^^^^^^^^^^^^^^^^^^^
  File "C:\Users\Rearms\AppData\Local\Programs\Python\Python311\Lib\site-packages\django\templatetags\static.py", line 116, in render
    url = self.url(context)
          ^^^^^^^^^^^^^^^^^
  File "C:\Users\Rearms\AppData\Local\Programs\Python\Python311\Lib\site-packages\django\templatetags\static.py", line 113, in url
    return self.handle_simple(path)
           ^^^^^^^^^^^^^^^^^^^^^^^^
  File "C:\Users\Rearms\AppData\Local\Programs\Python\Python311\Lib\site-packages\django\templatetags\static.py", line 129, in handle_simple
    return staticfiles_storage.url(path)
           ^^^^^^^^^^^^^^^^^^^^^^^
  File "C:\Users\Rearms\AppData\Local\Programs\Python\Python311\Lib\site-packages\django\utils\functional.py", line 266, in inner
    self._setup()
  File "C:\Users\Rearms\AppData\Local\Programs\Python\Python311\Lib\site-packages\django\contrib\staticfiles\storage.py", line 537, in _setup
    self._wrapped = storages[STATICFILES_STORAGE_ALIAS]
                    ~~~~~~~~^^^^^^^^^^^^^^^^^^^^^^^^^^^
  File "C:\Users\Rearms\AppData\Local\Programs\Python\Python311\Lib\site-packages\django\core\files\storage\handler.py", line 43, in __getitem__
    storage = self.create_storage(params)
              ^^^^^^^^^^^^^^^^^^^^^^^^^^^
  File "C:\Users\Rearms\AppData\Local\Programs\Python\Python311\Lib\site-packages\django\core\files\storage\handler.py", line 55, in create_storage
    return storage_cls(**options)
           ^^^^^^^^^^^^^^^^^^^^^^
  File "C:\Users\Rearms\AppData\Local\Programs\Python\Python311\Lib\site-packages\django\contrib\staticfiles\storage.py", line 29, in __init__
    check_settings(base_url)
  File "C:\Users\Rearms\AppData\Local\Programs\Python\Python311\Lib\site-packages\django\contrib\staticfiles\utils.py", line 49, in check_settings
    raise ImproperlyConfigured(
django.core.exceptions.ImproperlyConfigured: You're using the staticfiles app without having set the required STATIC_URL setting.
Internal Server Error: /admin/
Traceback (most recent call last):
  File "C:\Users\Rearms\AppData\Local\Programs\Python\Python311\Lib\site-packages\django\core\files\storage\handler.py", line 35, in __getitem__
    return self._storages[alias]
           ~~~~~~~~~~~~~~^^^^^^^
KeyError: 'staticfiles'

During handling of the above exception, another exception occurred:

Traceback (most recent call last):
  File "C:\Users\Rearms\AppData\Local\Programs\Python\Python311\Lib\site-packages\django\core\handlers\exception.py", line 55, in inner
    response = get_response(request)
               ^^^^^^^^^^^^^^^^^^^^^
  File "C:\Users\Rearms\AppData\Local\Programs\Python\Python311\Lib\site-packages\django\core\handlers\base.py", line 220, in _get_response
    response = response.render()
               ^^^^^^^^^^^^^^^^^
  File "C:\Users\Rearms\AppData\Local\Programs\Python\Python311\Lib\site-packages\django\template\response.py", line 114, in render
    self.content = self.rendered_content
                   ^^^^^^^^^^^^^^^^^^^^^
  File "C:\Users\Rearms\AppData\Local\Programs\Python\Python311\Lib\site-packages\django\template\response.py", line 92, in rendered_content
    return template.render(context, self._request)
           ^^^^^^^^^^^^^^^^^^^^^^^^^^^^^^^^^^^^^^^
  File "C:\Users\Rearms\AppData\Local\Programs\Python\Python311\Lib\site-packages\django\template\backends\django.py", line 61, in render
    return self.template.render(context)
           ^^^^^^^^^^^^^^^^^^^^^^^^^^^^^
  File "C:\Users\Rearms\AppData\Local\Programs\Python\Python311\Lib\site-packages\django\template\base.py", line 175, in render
    return self._render(context)
           ^^^^^^^^^^^^^^^^^^^^^
  File "C:\Users\Rearms\AppData\Local\Programs\Python\Python311\Lib\site-packages\django\template\base.py", line 167, in _render
    return self.nodelist.render(context)
           ^^^^^^^^^^^^^^^^^^^^^^^^^^^^^
  File "C:\Users\Rearms\AppData\Local\Programs\Python\Python311\Lib\site-packages\django\template\base.py", line 1005, in render
    return SafeString("".join([node.render_annotated(context) for node in self]))
                              ^^^^^^^^^^^^^^^^^^^^^^^^^^^^^^^^^^^^^^^^^^^^^^^^^
  File "C:\Users\Rearms\AppData\Local\Programs\Python\Python311\Lib\site-packages\django\template\base.py", line 1005, in <listcomp>
    return SafeString("".join([node.render_annotated(context) for node in self]))
                               ^^^^^^^^^^^^^^^^^^^^^^^^^^^^^^
  File "C:\Users\Rearms\AppData\Local\Programs\Python\Python311\Lib\site-packages\django\template\base.py", line 966, in render_annotated
    return self.render(context)
           ^^^^^^^^^^^^^^^^^^^^
  File "C:\Users\Rearms\AppData\Local\Programs\Python\Python311\Lib\site-packages\django\template\loader_tags.py", line 157, in render
    return compiled_parent._render(context)
           ^^^^^^^^^^^^^^^^^^^^^^^^^^^^^^^^
  File "C:\Users\Rearms\AppData\Local\Programs\Python\Python311\Lib\site-packages\django\template\base.py", line 167, in _render
    return self.nodelist.render(context)
           ^^^^^^^^^^^^^^^^^^^^^^^^^^^^^
  File "C:\Users\Rearms\AppData\Local\Programs\Python\Python311\Lib\site-packages\django\template\base.py", line 1005, in render
    return SafeString("".join([node.render_annotated(context) for node in self]))
                              ^^^^^^^^^^^^^^^^^^^^^^^^^^^^^^^^^^^^^^^^^^^^^^^^^
  File "C:\Users\Rearms\AppData\Local\Programs\Python\Python311\Lib\site-packages\django\template\base.py", line 1005, in <listcomp>
    return SafeString("".join([node.render_annotated(context) for node in self]))
                               ^^^^^^^^^^^^^^^^^^^^^^^^^^^^^^
  File "C:\Users\Rearms\AppData\Local\Programs\Python\Python311\Lib\site-packages\django\template\base.py", line 966, in render_annotated
    return self.render(context)
           ^^^^^^^^^^^^^^^^^^^^
  File "C:\Users\Rearms\AppData\Local\Programs\Python\Python311\Lib\site-packages\django\template\loader_tags.py", line 157, in render
    return compiled_parent._render(context)
           ^^^^^^^^^^^^^^^^^^^^^^^^^^^^^^^^
  File "C:\Users\Rearms\AppData\Local\Programs\Python\Python311\Lib\site-packages\django\template\base.py", line 167, in _render
    return self.nodelist.render(context)
           ^^^^^^^^^^^^^^^^^^^^^^^^^^^^^
  File "C:\Users\Rearms\AppData\Local\Programs\Python\Python311\Lib\site-packages\django\template\base.py", line 1005, in render
    return SafeString("".join([node.render_annotated(context) for node in self]))
                              ^^^^^^^^^^^^^^^^^^^^^^^^^^^^^^^^^^^^^^^^^^^^^^^^^
  File "C:\Users\Rearms\AppData\Local\Programs\Python\Python311\Lib\site-packages\django\template\base.py", line 1005, in <listcomp>
    return SafeString("".join([node.render_annotated(context) for node in self]))
                               ^^^^^^^^^^^^^^^^^^^^^^^^^^^^^^
  File "C:\Users\Rearms\AppData\Local\Programs\Python\Python311\Lib\site-packages\django\template\base.py", line 966, in render_annotated
    return self.render(context)
           ^^^^^^^^^^^^^^^^^^^^
  File "C:\Users\Rearms\AppData\Local\Programs\Python\Python311\Lib\site-packages\django\template\loader_tags.py", line 63, in render
    result = block.nodelist.render(context)
             ^^^^^^^^^^^^^^^^^^^^^^^^^^^^^^
  File "C:\Users\Rearms\AppData\Local\Programs\Python\Python311\Lib\site-packages\django\template\base.py", line 1005, in render
    return SafeString("".join([node.render_annotated(context) for node in self]))
                              ^^^^^^^^^^^^^^^^^^^^^^^^^^^^^^^^^^^^^^^^^^^^^^^^^
  File "C:\Users\Rearms\AppData\Local\Programs\Python\Python311\Lib\site-packages\django\template\base.py", line 1005, in <listcomp>
    return SafeString("".join([node.render_annotated(context) for node in self]))
                               ^^^^^^^^^^^^^^^^^^^^^^^^^^^^^^
  File "C:\Users\Rearms\AppData\Local\Programs\Python\Python311\Lib\site-packages\django\template\base.py", line 966, in render_annotated
    return self.render(context)
           ^^^^^^^^^^^^^^^^^^^^
  File "C:\Users\Rearms\AppData\Local\Programs\Python\Python311\Lib\site-packages\django\templatetags\static.py", line 116, in render
    url = self.url(context)
          ^^^^^^^^^^^^^^^^^
  File "C:\Users\Rearms\AppData\Local\Programs\Python\Python311\Lib\site-packages\django\templatetags\static.py", line 113, in url
    return self.handle_simple(path)
           ^^^^^^^^^^^^^^^^^^^^^^^^
  File "C:\Users\Rearms\AppData\Local\Programs\Python\Python311\Lib\site-packages\django\templatetags\static.py", line 129, in handle_simple
    return staticfiles_storage.url(path)
           ^^^^^^^^^^^^^^^^^^^^^^^
  File "C:\Users\Rearms\AppData\Local\Programs\Python\Python311\Lib\site-packages\django\utils\functional.py", line 266, in inner
    self._setup()
  File "C:\Users\Rearms\AppData\Local\Programs\Python\Python311\Lib\site-packages\django\contrib\staticfiles\storage.py", line 537, in _setup
    self._wrapped = storages[STATICFILES_STORAGE_ALIAS]
                    ~~~~~~~~^^^^^^^^^^^^^^^^^^^^^^^^^^^
  File "C:\Users\Rearms\AppData\Local\Programs\Python\Python311\Lib\site-packages\django\core\files\storage\handler.py", line 43, in __getitem__
    storage = self.create_storage(params)
              ^^^^^^^^^^^^^^^^^^^^^^^^^^^
  File "C:\Users\Rearms\AppData\Local\Programs\Python\Python311\Lib\site-packages\django\core\files\storage\handler.py", line 55, in create_storage
    return storage_cls(**options)
           ^^^^^^^^^^^^^^^^^^^^^^
  File "C:\Users\Rearms\AppData\Local\Programs\Python\Python311\Lib\site-packages\django\contrib\staticfiles\storage.py", line 29, in __init__
    check_settings(base_url)
  File "C:\Users\Rearms\AppData\Local\Programs\Python\Python311\Lib\site-packages\django\contrib\staticfiles\utils.py", line 49, in check_settings
    raise ImproperlyConfigured(
django.core.exceptions.ImproperlyConfigured: You're using the staticfiles app without having set the required STATIC_URL setting.
C:\Users\Rearms\Desktop\Ecommerce\django\backend\settings.py changed, reloading.
Watching for file changes with StatReloader
Not Found: /
C:\Users\Rearms\Desktop\Ecommerce\django\backend\settings.py changed, reloading.
Watching for file changes with StatReloader
C:\Users\Rearms\Desktop\Ecommerce\django\backend\settings.py changed, reloading.
Watching for file changes with StatReloader
C:\Users\Rearms\Desktop\Ecommerce\django\backend\settings.py changed, reloading.
Watching for file changes with StatReloader
Not Found: /
Watching for file changes with StatReloader
Not Found: /admin/
C:\Users\Rearms\Desktop\Ecommerce\django\backend\settings.py changed, reloading.
Watching for file changes with StatReloader
Watching for file changes with StatReloader
Not Found: /admin/
Not Found: /admin/
Not Found: /admin/
Not Found: /admin/
Not Found: /admin/
Not Found: /admin/
C:\Users\Rearms\Desktop\Ecommerce\django\backend\settings.py changed, reloading.
Watching for file changes with StatReloader
C:\Users\Rearms\Desktop\Ecommerce\django\backend\settings.py changed, reloading.
Watching for file changes with StatReloader
Not Found: /admin/
Not Found: /admin/
Not Found: /admin/
Not Found: /admin/
Not Found: /admin/
Not Found: /admin/
Not Found: /admin/
Not Found: /admin/
C:\Users\Rearms\Desktop\Ecommerce\django\backend\settings.py changed, reloading.
Watching for file changes with StatReloader
C:\Users\Rearms\Desktop\Ecommerce\django\backend\settings.py changed, reloading.
Watching for file changes with StatReloader
Not Found: /static/admin/js/vendor/jquery/jquery.min.js
Not Found: /static/admin/js/vendor/xregexp/xregexp.min.js
Not Found: /static/admin/js/vendor/jquery/jquery.min.js
Not Found: /static/admin/js/vendor/xregexp/xregexp.min.js
C:\Users\Rearms\Desktop\Ecommerce\django\backend\settings.py changed, reloading.
Watching for file changes with StatReloader
C:\Users\Rearms\Desktop\Ecommerce\django\backend\settings.py changed, reloading.
Watching for file changes with StatReloader
Not Found: /socket.io/
Not Found: /socket.io/
Not Found: /socket.io/
Not Found: /socket.io/
Not Found: /socket.io/
Not Found: /socket.io/
Not Found: /socket.io/
Not Found: /socket.io/
Not Found: /socket.io/
Not Found: /socket.io/
Not Found: /socket.io/
Not Found: /socket.io/
Not Found: /socket.io/
Not Found: /socket.io/
Not Found: /socket.io/
Not Found: /socket.io/
Not Found: /socket.io/
Not Found: /socket.io/
Not Found: /socket.io/
Not Found: /socket.io/
Not Found: /socket.io/
Not Found: /socket.io/
Not Found: /socket.io/
Not Found: /socket.io/
Not Found: /socket.io/
Watching for file changes with StatReloader
Not Found: /socket.io/
Not Found: /socket.io/
Not Found: /socket.io/
Not Found: /socket.io/
Not Found: /socket.io/
Not Found: /socket.io/
Not Found: /socket.io/
Not Found: /socket.io/
Not Found: /static/admin/js/vendor/jquery/jquery.min.js
Not Found: /static/admin/js/vendor/xregexp/xregexp.min.js
Not Found: /static/admin/js/vendor/jquery/jquery.min.js
Not Found: /static/admin/js/vendor/xregexp/xregexp.min.js
Not Found: /socket.io/
Not Found: /static/admin/js/vendor/jquery/jquery.min.js
Not Found: /static/admin/js/vendor/xregexp/xregexp.min.js
Not Found: /socket.io/
Not Found: /socket.io/
Not Found: /socket.io/
Not Found: /socket.io/
Not Found: /socket.io/
Not Found: /socket.io/
Not Found: /socket.io/
Not Found: /socket.io/
Not Found: /socket.io/
Not Found: /socket.io/
Not Found: /socket.io/
Not Found: /socket.io/
Not Found: /socket.io/
Not Found: /socket.io/
Not Found: /socket.io/
Not Found: /socket.io/
Not Found: /socket.io/
Not Found: /socket.io/
Not Found: /socket.io/
Not Found: /socket.io/
Not Found: /socket.io/
Not Found: /socket.io/
C:\Users\Rearms\Desktop\Ecommerce\django\backend\settings.py changed, reloading.
Watching for file changes with StatReloader
Not Found: /socket.io/
Not Found: /socket.io/
Not Found: /socket.io/
Not Found: /socket.io/
Not Found: /socket.io/
Not Found: /socket.io/
Not Found: /socket.io/
Not Found: /socket.io/
Not Found: /socket.io/
Not Found: /socket.io/
Not Found: /socket.io/
Not Found: /socket.io/
Not Found: /socket.io/
Not Found: /socket.io/
Not Found: /socket.io/
Watching for file changes with StatReloader
Not Found: /socket.io/
Not Found: /socket.io/
Not Found: /socket.io/
Not Found: /socket.io/
Not Found: /socket.io/
Not Found: /socket.io/
Not Found: /socket.io/
Not Found: /socket.io/
Not Found: /socket.io/
Not Found: /socket.io/
Not Found: /socket.io/
Not Found: /socket.io/
Not Found: /socket.io/
Not Found: /socket.io/
Not Found: /socket.io/
Not Found: /socket.io/
Not Found: /ws/chat/
Not Found: /socket.io/
Not Found: /socket.io/
Not Found: /socket.io/
Not Found: /socket.io/
Not Found: /socket.io/
Not Found: /socket.io/
Not Found: /socket.io/
Not Found: /socket.io/
Not Found: /socket.io/
Not Found: /socket.io/
Not Found: /socket.io/
Not Found: /socket.io/
Not Found: /socket.io/
Not Found: /socket.io/
Not Found: /socket.io/
Not Found: /socket.io/
Not Found: /socket.io/
Not Found: /socket.io/
Not Found: /socket.io/
Not Found: /socket.io/
Not Found: /socket.io/
Not Found: /static/admin/js/vendor/jquery/jquery.min.js
Not Found: /static/admin/js/vendor/xregexp/xregexp.min.js
Not Found: /socket.io/
Not Found: /socket.io/
Not Found: /socket.io/
Not Found: /socket.io/
Not Found: /socket.io/
Not Found: /socket.io/
Not Found: /socket.io/
Not Found: /socket.io/
Not Found: /socket.io/
Not Found: /socket.io/
Not Found: /socket.io/
Not Found: /static/admin/js/vendor/jquery/jquery.min.js
Not Found: /static/admin/js/vendor/xregexp/xregexp.min.js
Not Found: /static/admin/js/vendor/jquery/jquery.min.js
Not Found: /static/admin/js/vendor/xregexp/xregexp.min.js
Not Found: /static/admin/js/vendor/jquery/jquery.min.js
Not Found: /static/admin/js/vendor/xregexp/xregexp.min.js
Not Found: /static/admin/js/vendor/jquery/jquery.min.js
Not Found: /static/admin/js/vendor/xregexp/xregexp.min.js
Not Found: /socket.io/
Not Found: /socket.io/
Not Found: /socket.io/
Not Found: /socket.io/
Not Found: /socket.io/
Not Found: /socket.io/
Not Found: /socket.io/
Not Found: /socket.io/
Not Found: /socket.io/
Not Found: /socket.io/
Not Found: /socket.io/
Not Found: /socket.io/
Not Found: /socket.io/
Not Found: /socket.io/
Not Found: /socket.io/
Not Found: /socket.io/
Not Found: /socket.io/
Not Found: /socket.io/
Not Found: /socket.io/
Not Found: /socket.io/
Not Found: /socket.io/
Not Found: /socket.io/
Not Found: /socket.io/
Not Found: /socket.io/
Not Found: /socket.io/
Not Found: /socket.io/
Not Found: /socket.io/
Not Found: /socket.io/
Not Found: /socket.io/
Not Found: /socket.io/
Not Found: /socket.io/
Not Found: /socket.io/
Not Found: /socket.io/
Not Found: /socket.io/
Not Found: /socket.io/
Not Found: /socket.io/
Not Found: /socket.io/
Not Found: /socket.io/
Not Found: /socket.io/
Not Found: /socket.io/
Not Found: /socket.io/
Not Found: /socket.io/
Not Found: /socket.io/
Not Found: /socket.io/
Not Found: /socket.io/
Not Found: /socket.io/
Not Found: /socket.io/
Not Found: /socket.io/
Not Found: /socket.io/
Not Found: /socket.io/
Not Found: /socket.io/
Not Found: /socket.io/
Not Found: /socket.io/
Not Found: /socket.io/
Not Found: /socket.io/
Not Found: /socket.io/
Not Found: /socket.io/
Not Found: /socket.io/
Not Found: /socket.io/
Not Found: /socket.io/
Not Found: /socket.io/
Not Found: /socket.io/
Not Found: /socket.io/
Not Found: /socket.io/
Not Found: /socket.io/
Not Found: /socket.io/
Not Found: /socket.io/
Not Found: /socket.io/
Not Found: /socket.io/
Not Found: /socket.io/
Not Found: /socket.io/
Not Found: /socket.io/
Not Found: /socket.io/
Not Found: /socket.io/
Not Found: /socket.io/
Not Found: /socket.io/
Not Found: /socket.io/
Not Found: /socket.io/
Not Found: /socket.io/
Not Found: /socket.io/
Not Found: /socket.io/
Not Found: /socket.io/
Not Found: /socket.io/
Not Found: /socket.io/
Not Found: /socket.io/
Not Found: /socket.io/
Not Found: /socket.io/
Not Found: /socket.io/
Not Found: /socket.io/
Not Found: /socket.io/
Not Found: /socket.io/
Not Found: /socket.io/
Not Found: /socket.io/
Not Found: /socket.io/
Not Found: /socket.io/
Not Found: /socket.io/
Not Found: /socket.io/
Not Found: /socket.io/
Not Found: /socket.io/
Not Found: /socket.io/
Not Found: /socket.io/
Not Found: /socket.io/
Not Found: /socket.io/
Not Found: /socket.io/
Not Found: /socket.io/
Not Found: /socket.io/
Not Found: /socket.io/
Not Found: /socket.io/
Not Found: /socket.io/
Not Found: /socket.io/
Not Found: /socket.io/
Not Found: /socket.io/
Not Found: /socket.io/
Not Found: /socket.io/
Not Found: /socket.io/
Not Found: /socket.io/
Not Found: /socket.io/
Not Found: /socket.io/
Not Found: /socket.io/
Not Found: /socket.io/
Not Found: /socket.io/
Not Found: /socket.io/
Not Found: /socket.io/
Not Found: /socket.io/
Not Found: /socket.io/
Not Found: /socket.io/
Not Found: /socket.io/
Not Found: /socket.io/
Not Found: /socket.io/
Not Found: /socket.io/
Not Found: /socket.io/
Not Found: /socket.io/
Not Found: /socket.io/
Not Found: /socket.io/
Not Found: /socket.io/
Not Found: /socket.io/
Not Found: /socket.io/
Not Found: /socket.io/
Not Found: /socket.io/
Not Found: /socket.io/
Not Found: /socket.io/
Not Found: /socket.io/
Not Found: /socket.io/
Not Found: /socket.io/
Not Found: /socket.io/
Not Found: /socket.io/
Not Found: /socket.io/
Not Found: /socket.io/
Not Found: /socket.io/
Not Found: /socket.io/
Not Found: /socket.io/
Not Found: /socket.io/
Not Found: /socket.io/
Not Found: /socket.io/
Not Found: /socket.io/
Not Found: /socket.io/
Not Found: /socket.io/
Not Found: /socket.io/
Not Found: /socket.io/
Not Found: /socket.io/
Not Found: /socket.io/
Not Found: /socket.io/
Not Found: /socket.io/
Not Found: /socket.io/
Not Found: /socket.io/
Not Found: /socket.io/
Not Found: /socket.io/
Not Found: /socket.io/
Not Found: /socket.io/
Not Found: /socket.io/
Not Found: /socket.io/
Not Found: /socket.io/
Not Found: /socket.io/
Not Found: /socket.io/
Not Found: /socket.io/
Not Found: /socket.io/
Not Found: /socket.io/
Not Found: /socket.io/
Not Found: /socket.io/
Not Found: /socket.io/
Not Found: /socket.io/
Not Found: /socket.io/
Not Found: /socket.io/
Not Found: /socket.io/
Not Found: /socket.io/
Not Found: /socket.io/
Not Found: /socket.io/
Not Found: /socket.io/
Not Found: /socket.io/
Not Found: /socket.io/
Not Found: /socket.io/
Not Found: /socket.io/
Not Found: /socket.io/
Not Found: /socket.io/
Not Found: /socket.io/
Not Found: /socket.io/
Not Found: /socket.io/
Not Found: /socket.io/
Not Found: /socket.io/
Not Found: /socket.io/
Not Found: /socket.io/
Not Found: /socket.io/
Not Found: /socket.io/
Not Found: /socket.io/
Not Found: /socket.io/
Not Found: /socket.io/
Not Found: /socket.io/
Not Found: /socket.io/
Not Found: /socket.io/
Not Found: /socket.io/
Not Found: /socket.io/
Not Found: /socket.io/
Not Found: /socket.io/
Not Found: /socket.io/
Not Found: /socket.io/
Not Found: /socket.io/
Not Found: /socket.io/
Not Found: /socket.io/
Not Found: /socket.io/
Not Found: /socket.io/
Not Found: /socket.io/
Not Found: /socket.io/
Not Found: /socket.io/
Not Found: /socket.io/
Not Found: /socket.io/
Not Found: /socket.io/
Not Found: /socket.io/
Not Found: /socket.io/
Not Found: /socket.io/
Not Found: /socket.io/
Not Found: /socket.io/
Not Found: /socket.io/
Not Found: /socket.io/
Not Found: /socket.io/
Not Found: /socket.io/
Not Found: /socket.io/
Not Found: /socket.io/
Not Found: /socket.io/
Not Found: /socket.io/
Not Found: /socket.io/
Not Found: /socket.io/
Not Found: /socket.io/
Not Found: /socket.io/
Not Found: /socket.io/
Not Found: /socket.io/
Not Found: /socket.io/
Not Found: /socket.io/
Not Found: /socket.io/
Not Found: /socket.io/
Not Found: /socket.io/
Not Found: /socket.io/
Not Found: /socket.io/
Not Found: /socket.io/
Not Found: /socket.io/
Not Found: /socket.io/
Not Found: /socket.io/
Not Found: /socket.io/
Not Found: /socket.io/
Not Found: /socket.io/
Not Found: /socket.io/
Not Found: /socket.io/
Not Found: /socket.io/
Not Found: /socket.io/
Not Found: /socket.io/
Not Found: /socket.io/
Not Found: /socket.io/
Not Found: /socket.io/
Not Found: /socket.io/
Not Found: /socket.io/
Not Found: /socket.io/
Not Found: /socket.io/
Not Found: /socket.io/
Not Found: /socket.io/
Not Found: /socket.io/
Not Found: /socket.io/
Not Found: /socket.io/
Not Found: /socket.io/
Not Found: /socket.io/
Not Found: /socket.io/
Not Found: /socket.io/
Not Found: /socket.io/
Not Found: /socket.io/
Not Found: /socket.io/
Not Found: /socket.io/
Not Found: /socket.io/
Not Found: /socket.io/
Not Found: /socket.io/
Not Found: /socket.io/
Not Found: /socket.io/
Not Found: /socket.io/
Not Found: /socket.io/
Not Found: /socket.io/
Not Found: /socket.io/
Not Found: /socket.io/
Not Found: /socket.io/
Not Found: /socket.io/
Not Found: /socket.io/
Not Found: /socket.io/
Not Found: /socket.io/
Not Found: /socket.io/
Not Found: /socket.io/
Not Found: /socket.io/
Not Found: /socket.io/
Not Found: /socket.io/
Not Found: /socket.io/
Not Found: /socket.io/
Not Found: /socket.io/
Not Found: /socket.io/
Not Found: /socket.io/
Not Found: /socket.io/
Not Found: /socket.io/
Not Found: /socket.io/
Not Found: /socket.io/
Not Found: /socket.io/
Not Found: /socket.io/
Not Found: /socket.io/
Not Found: /socket.io/
Not Found: /socket.io/
Not Found: /socket.io/
Not Found: /socket.io/
Not Found: /socket.io/
Not Found: /socket.io/
Not Found: /socket.io/
Not Found: /socket.io/
Not Found: /socket.io/
Not Found: /socket.io/
Not Found: /socket.io/
Not Found: /socket.io/
Not Found: /socket.io/
Not Found: /socket.io/
Not Found: /socket.io/
Not Found: /socket.io/
Not Found: /socket.io/
Not Found: /socket.io/
Not Found: /socket.io/
Not Found: /socket.io/
Not Found: /socket.io/
Not Found: /socket.io/
Not Found: /socket.io/
Not Found: /socket.io/
Not Found: /socket.io/
Not Found: /socket.io/
Not Found: /socket.io/
Not Found: /socket.io/
Not Found: /socket.io/
Not Found: /socket.io/
Not Found: /socket.io/
Not Found: /socket.io/
Not Found: /socket.io/
Not Found: /socket.io/
Not Found: /socket.io/
Not Found: /socket.io/
Not Found: /socket.io/
Not Found: /socket.io/
Not Found: /socket.io/
Not Found: /socket.io/
Not Found: /socket.io/
Not Found: /socket.io/
Not Found: /socket.io/
Not Found: /socket.io/
Not Found: /socket.io/
Not Found: /socket.io/
Not Found: /socket.io/
Not Found: /socket.io/
Not Found: /socket.io/
Not Found: /socket.io/
Not Found: /socket.io/
Not Found: /socket.io/
Not Found: /socket.io/
Not Found: /socket.io/
Not Found: /socket.io/
Not Found: /socket.io/
Not Found: /socket.io/
Not Found: /socket.io/
Not Found: /socket.io/
Not Found: /socket.io/
Not Found: /socket.io/
Not Found: /socket.io/
Not Found: /socket.io/
Not Found: /socket.io/
Not Found: /socket.io/
Not Found: /socket.io/
Not Found: /socket.io/
Not Found: /socket.io/
Not Found: /socket.io/
Not Found: /socket.io/
Not Found: /socket.io/
Not Found: /socket.io/
Not Found: /socket.io/
Not Found: /socket.io/
Not Found: /socket.io/
Not Found: /socket.io/
Not Found: /socket.io/
Not Found: /socket.io/
Not Found: /socket.io/
Not Found: /socket.io/
Not Found: /socket.io/
Not Found: /socket.io/
Not Found: /socket.io/
Not Found: /socket.io/
Not Found: /socket.io/
Not Found: /socket.io/
Not Found: /socket.io/
Not Found: /socket.io/
Not Found: /socket.io/
Not Found: /socket.io/
Not Found: /socket.io/
Not Found: /socket.io/
Not Found: /socket.io/
Not Found: /socket.io/
Not Found: /socket.io/
Not Found: /socket.io/
Not Found: /socket.io/
Not Found: /socket.io/
Not Found: /socket.io/
Not Found: /socket.io/
Not Found: /socket.io/
Not Found: /socket.io/
Not Found: /socket.io/
Not Found: /socket.io/
Not Found: /socket.io/
Not Found: /socket.io/
Not Found: /socket.io/
Not Found: /socket.io/
Not Found: /socket.io/
Not Found: /socket.io/
Not Found: /socket.io/
Not Found: /socket.io/
Not Found: /socket.io/
Not Found: /socket.io/
Not Found: /socket.io/
Not Found: /socket.io/
Not Found: /socket.io/
Not Found: /socket.io/
Not Found: /socket.io/
Not Found: /socket.io/
Not Found: /socket.io/
Not Found: /socket.io/
Not Found: /socket.io/
Not Found: /socket.io/
Not Found: /socket.io/
Not Found: /socket.io/
Not Found: /socket.io/
Not Found: /socket.io/
Not Found: /socket.io/
Not Found: /socket.io/
Not Found: /socket.io/
Not Found: /socket.io/
Not Found: /socket.io/
Not Found: /socket.io/
Not Found: /socket.io/
Not Found: /socket.io/
Not Found: /socket.io/
Not Found: /socket.io/
Not Found: /socket.io/
Not Found: /socket.io/
Not Found: /socket.io/
Not Found: /socket.io/
Not Found: /socket.io/
Not Found: /socket.io/
Not Found: /socket.io/
Not Found: /socket.io/
Not Found: /socket.io/
Not Found: /socket.io/
Not Found: /socket.io/
Not Found: /socket.io/
Not Found: /socket.io/
Not Found: /socket.io/
Not Found: /socket.io/
Not Found: /socket.io/
Not Found: /socket.io/
Not Found: /socket.io/
Not Found: /static/admin/js/vendor/jquery/jquery.min.js
Not Found: /static/admin/js/vendor/xregexp/xregexp.min.js
Not Found: /socket.io/
Not Found: /socket.io/
Not Found: /socket.io/
Not Found: /socket.io/
Not Found: /socket.io/
Not Found: /socket.io/
Not Found: /socket.io/
Not Found: /socket.io/
Not Found: /socket.io/
Not Found: /socket.io/
Not Found: /socket.io/
Not Found: /socket.io/
Not Found: /socket.io/
Not Found: /socket.io/
Not Found: /socket.io/
Not Found: /socket.io/
Not Found: /socket.io/
Not Found: /socket.io/
Not Found: /socket.io/
Not Found: /socket.io/
Not Found: /socket.io/
Not Found: /socket.io/
Not Found: /socket.io/
Not Found: /socket.io/
Not Found: /socket.io/
Not Found: /socket.io/
Not Found: /socket.io/
Not Found: /socket.io/
Not Found: /socket.io/
Not Found: /socket.io/
Not Found: /socket.io/
Not Found: /socket.io/
Not Found: /socket.io/
Not Found: /socket.io/
Not Found: /socket.io/
Not Found: /socket.io/
Not Found: /socket.io/
Not Found: /socket.io/
Not Found: /socket.io/
Not Found: /socket.io/
Not Found: /socket.io/
Not Found: /socket.io/
Not Found: /socket.io/
Not Found: /socket.io/
Not Found: /socket.io/
Not Found: /socket.io/
C:\Users\Rearms\Desktop\Ecommerce\django\backend\settings.py changed, reloading.
Watching for file changes with StatReloader
Not Found: /socket.io/
Not Found: /socket.io/
Not Found: /socket.io/
Not Found: /socket.io/
Not Found: /socket.io/
Not Found: /socket.io/
Not Found: /socket.io/
Not Found: /socket.io/
Not Found: /socket.io/
Not Found: /socket.io/
Not Found: /socket.io/
Not Found: /socket.io/
Not Found: /socket.io/
Not Found: /socket.io/
Not Found: /socket.io/
Not Found: /socket.io/
Not Found: /socket.io/
Not Found: /socket.io/
Not Found: /socket.io/
Not Found: /socket.io/
Not Found: /socket.io/
Not Found: /socket.io/
Not Found: /socket.io/
Not Found: /socket.io/
Not Found: /socket.io/
Not Found: /socket.io/
Not Found: /socket.io/
Not Found: /socket.io/
Not Found: /socket.io/
Not Found: /socket.io/
Not Found: /socket.io/
Not Found: /socket.io/
Not Found: /socket.io/
Not Found: /socket.io/
Not Found: /socket.io/
Not Found: /socket.io/
Not Found: /socket.io/
Not Found: /socket.io/
Not Found: /socket.io/
Not Found: /socket.io/
Not Found: /socket.io/
Not Found: /socket.io/
Not Found: /socket.io/
Not Found: /socket.io/
Not Found: /socket.io/
Not Found: /socket.io/
Not Found: /socket.io/
Not Found: /socket.io/
Not Found: /socket.io/
Not Found: /socket.io/
Not Found: /socket.io/
Not Found: /socket.io/
Not Found: /socket.io/
Not Found: /socket.io/
Not Found: /socket.io/
Not Found: /socket.io/
Not Found: /socket.io/
Not Found: /socket.io/
Not Found: /socket.io/
Not Found: /socket.io/
Not Found: /socket.io/
Not Found: /socket.io/
Not Found: /socket.io/
Not Found: /socket.io/
Not Found: /socket.io/
Not Found: /socket.io/
Not Found: /socket.io/
Not Found: /socket.io/
Not Found: /socket.io/
Not Found: /socket.io/
Not Found: /socket.io/
Not Found: /socket.io/
Not Found: /socket.io/
Not Found: /
Not Found: /favicon.ico
Not Found: /socket.io/
Not Found: /socket.io/
Not Found: /
Not Found: /socket.io/
Not Found: /socket.io/
Not Found: /socket.io/
Not Found: /socket.io/
Not Found: /socket.io/
Not Found: /socket.io/
Not Found: /socket.io/
Not Found: /socket.io/
Not Found: /socket.io/
Not Found: /socket.io/
Not Found: /socket.io/
Not Found: /socket.io/
Not Found: /socket.io/
Not Found: /socket.io/
Not Found: /socket.io/
Not Found: /socket.io/
Not Found: /socket.io/
Not Found: /socket.io/
Not Found: /socket.io/
Not Found: /socket.io/
Not Found: /socket.io/
Not Found: /socket.io/
Not Found: /socket.io/
Not Found: /socket.io/
Not Found: /socket.io/
Not Found: /socket.io/
Not Found: /socket.io/
Not Found: /socket.io/
Not Found: /socket.io/
Not Found: /socket.io/
Not Found: /socket.io/
Not Found: /socket.io/
Not Found: /socket.io/
Not Found: /socket.io/
Not Found: /socket.io/
Not Found: /socket.io/
Not Found: /socket.io/
Not Found: /socket.io/
Not Found: /socket.io/
Not Found: /socket.io/
Not Found: /socket.io/
Not Found: /socket.io/
Not Found: /socket.io/
Not Found: /socket.io/
Not Found: /socket.io/
Not Found: /socket.io/
Not Found: /socket.io/
Not Found: /socket.io/
Not Found: /socket.io/
Not Found: /socket.io/
Not Found: /socket.io/
Not Found: /socket.io/
Not Found: /socket.io/
Not Found: /socket.io/
Not Found: /socket.io/
Not Found: /socket.io/
Not Found: /socket.io/
Not Found: /socket.io/
Not Found: /socket.io/
Not Found: /socket.io/
Not Found: /socket.io/
Not Found: /socket.io/
Not Found: /socket.io/
Not Found: /socket.io/
Not Found: /socket.io/
Not Found: /socket.io/
Not Found: /socket.io/
Not Found: /socket.io/
Not Found: /socket.io/
Not Found: /socket.io/
Not Found: /socket.io/
Not Found: /socket.io/
Not Found: /socket.io/
Not Found: /socket.io/
Not Found: /socket.io/
Not Found: /socket.io/
Not Found: /socket.io/
Not Found: /socket.io/
Not Found: /socket.io/
Not Found: /socket.io/
Not Found: /socket.io/
Not Found: /socket.io/
Not Found: /socket.io/
Not Found: /socket.io/
Not Found: /socket.io/
Not Found: /socket.io/
Not Found: /socket.io/
Not Found: /socket.io/
Not Found: /socket.io/
Not Found: /socket.io/
Not Found: /socket.io/
Not Found: /socket.io/
Not Found: /socket.io/
Not Found: /socket.io/
Not Found: /socket.io/
Not Found: /socket.io/
Not Found: /socket.io/
Not Found: /socket.io/
Not Found: /socket.io/
Not Found: /socket.io/
Not Found: /socket.io/
Not Found: /socket.io/
Not Found: /socket.io/
Not Found: /socket.io/
Not Found: /socket.io/
Not Found: /socket.io/
Not Found: /socket.io/
Not Found: /socket.io/
Not Found: /socket.io/
Not Found: /socket.io/
Not Found: /socket.io/
Not Found: /socket.io/
Not Found: /socket.io/
Not Found: /socket.io/
Not Found: /socket.io/
Not Found: /socket.io/
Not Found: /socket.io/
Not Found: /socket.io/
Not Found: /socket.io/
Not Found: /socket.io/
Not Found: /socket.io/
Not Found: /socket.io/
Not Found: /socket.io/
Not Found: /socket.io/
Not Found: /socket.io/
Not Found: /socket.io/
Not Found: /socket.io/
Not Found: /socket.io/
Not Found: /socket.io/
Not Found: /socket.io/
Not Found: /socket.io/
Not Found: /socket.io/
Not Found: /socket.io/
Not Found: /socket.io/
Not Found: /socket.io/
Not Found: /socket.io/
Not Found: /socket.io/
Not Found: /socket.io/
Not Found: /socket.io/
Not Found: /socket.io/
Not Found: /socket.io/
Not Found: /socket.io/
Not Found: /socket.io/
Not Found: /socket.io/
Not Found: /socket.io/
Not Found: /socket.io/
Not Found: /socket.io/
Not Found: /socket.io/
Not Found: /socket.io/
Not Found: /socket.io/
Not Found: /socket.io/
Not Found: /socket.io/
Not Found: /socket.io/
Not Found: /socket.io/
Not Found: /socket.io/
Not Found: /socket.io/
Not Found: /socket.io/
Not Found: /socket.io/
Not Found: /socket.io/
Not Found: /socket.io/
Not Found: /socket.io/
Not Found: /socket.io/
Not Found: /socket.io/
Not Found: /socket.io/
Not Found: /socket.io/
Not Found: /socket.io/
Not Found: /socket.io/
Not Found: /socket.io/
Not Found: /socket.io/
Not Found: /socket.io/
Not Found: /socket.io/
Not Found: /socket.io/
Not Found: /socket.io/
Not Found: /socket.io/
Not Found: /socket.io/
Not Found: /socket.io/
Not Found: /socket.io/
Not Found: /socket.io/
Not Found: /socket.io/
Not Found: /socket.io/
Not Found: /socket.io/
Not Found: /socket.io/
Not Found: /socket.io/
Not Found: /socket.io/
Not Found: /socket.io/
Not Found: /socket.io/
Not Found: /socket.io/
Not Found: /socket.io/
Not Found: /socket.io/
Not Found: /socket.io/
Not Found: /socket.io/
Not Found: /socket.io/
Not Found: /socket.io/
Not Found: /socket.io/
Not Found: /socket.io/
Not Found: /socket.io/
Not Found: /socket.io/
Not Found: /socket.io/
Not Found: /socket.io/
Not Found: /socket.io/
Not Found: /socket.io/
Not Found: /socket.io/
Not Found: /socket.io/
Not Found: /socket.io/
Not Found: /socket.io/
Not Found: /socket.io/
Not Found: /socket.io/
Not Found: /socket.io/
Not Found: /socket.io/
Not Found: /socket.io/
Not Found: /socket.io/
Not Found: /socket.io/
Not Found: /socket.io/
C:\Users\Rearms\Desktop\Ecommerce\django\backend\settings.py changed, reloading.
Watching for file changes with StatReloader
Not Found: /socket.io/
Not Found: /socket.io/
Not Found: /socket.io/
Not Found: /socket.io/
Not Found: /socket.io/
Not Found: /socket.io/
Not Found: /socket.io/
Not Found: /socket.io/
Not Found: /socket.io/
Watching for file changes with StatReloader
Watching for file changes with StatReloader
C:\Users\Rearms\Desktop\Ecommerce\django\WebApi\models.py changed, reloading.
Watching for file changes with StatReloader
C:\Users\Rearms\Desktop\Ecommerce\django\WebApi\serializers.py changed, reloading.
Watching for file changes with StatReloader
Not Found: /static/admin/js/vendor/jquery/jquery.min.js
Not Found: /static/admin/js/vendor/xregexp/xregexp.min.js
Not Found: /static/admin/img/search.svg
Not Found: /static/admin/img/sorting-icons.svg
Not Found: /static/admin/js/vendor/jquery/jquery.min.js
Not Found: /static/admin/js/vendor/xregexp/xregexp.min.js
C:\Users\Rearms\Desktop\Ecommerce\django\WebApi\models.py changed, reloading.
Watching for file changes with StatReloader
C:\Users\Rearms\Desktop\Ecommerce\django\WebApi\models.py changed, reloading.
Watching for file changes with StatReloader
C:\Users\Rearms\Desktop\Ecommerce\django\WebApi\views.py changed, reloading.
Watching for file changes with StatReloader
C:\Users\Rearms\Desktop\Ecommerce\django\WebApi\views.py changed, reloading.
Watching for file changes with StatReloader
C:\Users\Rearms\Desktop\Ecommerce\django\WebApi\views.py changed, reloading.
Watching for file changes with StatReloader
C:\Users\Rearms\Desktop\Ecommerce\django\WebApi\views.py changed, reloading.
Watching for file changes with StatReloader
C:\Users\Rearms\Desktop\Ecommerce\django\WebApi\urls.py changed, reloading.
Watching for file changes with StatReloader
Not Found: /api/orders/post/
C:\Users\Rearms\Desktop\Ecommerce\django\WebApi\views.py changed, reloading.
Watching for file changes with StatReloader
Not Found: /api/orders/post/
C:\Users\Rearms\Desktop\Ecommerce\django\WebApi\views.py changed, reloading.
Watching for file changes with StatReloader
Not Found: /api/orders/post/
C:\Users\Rearms\Desktop\Ecommerce\django\WebApi\urls.py changed, reloading.
Watching for file changes with StatReloader
Not Found: /static/admin/js/vendor/jquery/jquery.min.js
Not Found: /static/admin/js/vendor/xregexp/xregexp.min.js
Not Found: /static/admin/js/vendor/jquery/jquery.min.js
Not Found: /static/admin/js/vendor/xregexp/xregexp.min.js
Not Found: /static/admin/js/vendor/jquery/jquery.min.js
Not Found: /static/admin/js/vendor/xregexp/xregexp.min.js
Not Found: /static/admin/js/vendor/jquery/jquery.min.js
Not Found: /static/admin/js/vendor/xregexp/xregexp.min.js
Not Found: /static/admin/js/vendor/jquery/jquery.min.js
Not Found: /static/admin/js/vendor/xregexp/xregexp.min.js
Not Found: /static/admin/js/vendor/jquery/jquery.min.js
Not Found: /static/admin/js/vendor/xregexp/xregexp.min.js
C:\Users\Rearms\Desktop\Ecommerce\django\WebApi\serializers.py changed, reloading.
Watching for file changes with StatReloader
Internal Server Error: /api/orders/post/
Traceback (most recent call last):
  File "C:\Users\Rearms\AppData\Local\Programs\Python\Python311\Lib\site-packages\django\core\handlers\exception.py", line 55, in inner
    response = get_response(request)
               ^^^^^^^^^^^^^^^^^^^^^
  File "C:\Users\Rearms\AppData\Local\Programs\Python\Python311\Lib\site-packages\django\core\handlers\base.py", line 197, in _get_response
    response = wrapped_callback(request, *callback_args, **callback_kwargs)
               ^^^^^^^^^^^^^^^^^^^^^^^^^^^^^^^^^^^^^^^^^^^^^^^^^^^^^^^^^^^^
  File "C:\Users\Rearms\AppData\Local\Programs\Python\Python311\Lib\site-packages\django\views\decorators\csrf.py", line 56, in wrapper_view
    return view_func(*args, **kwargs)
           ^^^^^^^^^^^^^^^^^^^^^^^^^^
  File "C:\Users\Rearms\AppData\Local\Programs\Python\Python311\Lib\site-packages\django\views\generic\base.py", line 104, in view
    return self.dispatch(request, *args, **kwargs)
           ^^^^^^^^^^^^^^^^^^^^^^^^^^^^^^^^^^^^^^^
  File "C:\Users\Rearms\AppData\Local\Programs\Python\Python311\Lib\site-packages\rest_framework\views.py", line 509, in dispatch
    response = self.handle_exception(exc)
               ^^^^^^^^^^^^^^^^^^^^^^^^^^
  File "C:\Users\Rearms\AppData\Local\Programs\Python\Python311\Lib\site-packages\rest_framework\views.py", line 469, in handle_exception
    self.raise_uncaught_exception(exc)
  File "C:\Users\Rearms\AppData\Local\Programs\Python\Python311\Lib\site-packages\rest_framework\views.py", line 480, in raise_uncaught_exception
    raise exc
  File "C:\Users\Rearms\AppData\Local\Programs\Python\Python311\Lib\site-packages\rest_framework\views.py", line 506, in dispatch
    response = handler(request, *args, **kwargs)
               ^^^^^^^^^^^^^^^^^^^^^^^^^^^^^^^^^
  File "C:\Users\Rearms\Desktop\Ecommerce\django\WebApi\views.py", line 40, in post
    product_id = product_data['product']
                ~~~~~~~~~~~~^^^^^^^^^^^
KeyError: 'product'
Internal Server Error: /api/orders/post/
Traceback (most recent call last):
  File "C:\Users\Rearms\AppData\Local\Programs\Python\Python311\Lib\site-packages\django\core\handlers\exception.py", line 55, in inner
    response = get_response(request)
               ^^^^^^^^^^^^^^^^^^^^^
  File "C:\Users\Rearms\AppData\Local\Programs\Python\Python311\Lib\site-packages\django\core\handlers\base.py", line 197, in _get_response
    response = wrapped_callback(request, *callback_args, **callback_kwargs)
               ^^^^^^^^^^^^^^^^^^^^^^^^^^^^^^^^^^^^^^^^^^^^^^^^^^^^^^^^^^^^
  File "C:\Users\Rearms\AppData\Local\Programs\Python\Python311\Lib\site-packages\django\views\decorators\csrf.py", line 56, in wrapper_view
    return view_func(*args, **kwargs)
           ^^^^^^^^^^^^^^^^^^^^^^^^^^
  File "C:\Users\Rearms\AppData\Local\Programs\Python\Python311\Lib\site-packages\django\views\generic\base.py", line 104, in view
    return self.dispatch(request, *args, **kwargs)
           ^^^^^^^^^^^^^^^^^^^^^^^^^^^^^^^^^^^^^^^
  File "C:\Users\Rearms\AppData\Local\Programs\Python\Python311\Lib\site-packages\rest_framework\views.py", line 509, in dispatch
    response = self.handle_exception(exc)
               ^^^^^^^^^^^^^^^^^^^^^^^^^^
  File "C:\Users\Rearms\AppData\Local\Programs\Python\Python311\Lib\site-packages\rest_framework\views.py", line 469, in handle_exception
    self.raise_uncaught_exception(exc)
  File "C:\Users\Rearms\AppData\Local\Programs\Python\Python311\Lib\site-packages\rest_framework\views.py", line 480, in raise_uncaught_exception
    raise exc
  File "C:\Users\Rearms\AppData\Local\Programs\Python\Python311\Lib\site-packages\rest_framework\views.py", line 506, in dispatch
    response = handler(request, *args, **kwargs)
               ^^^^^^^^^^^^^^^^^^^^^^^^^^^^^^^^^
  File "C:\Users\Rearms\Desktop\Ecommerce\django\WebApi\views.py", line 40, in post
    product_id = product_data['product']
                ~~~~~~~~~~~~^^^^^^^^^^^
KeyError: 'product'
Internal Server Error: /api/orders/post/
Traceback (most recent call last):
  File "C:\Users\Rearms\AppData\Local\Programs\Python\Python311\Lib\site-packages\django\core\handlers\exception.py", line 55, in inner
    response = get_response(request)
               ^^^^^^^^^^^^^^^^^^^^^
  File "C:\Users\Rearms\AppData\Local\Programs\Python\Python311\Lib\site-packages\django\core\handlers\base.py", line 197, in _get_response
    response = wrapped_callback(request, *callback_args, **callback_kwargs)
               ^^^^^^^^^^^^^^^^^^^^^^^^^^^^^^^^^^^^^^^^^^^^^^^^^^^^^^^^^^^^
  File "C:\Users\Rearms\AppData\Local\Programs\Python\Python311\Lib\site-packages\django\views\decorators\csrf.py", line 56, in wrapper_view
    return view_func(*args, **kwargs)
           ^^^^^^^^^^^^^^^^^^^^^^^^^^
  File "C:\Users\Rearms\AppData\Local\Programs\Python\Python311\Lib\site-packages\django\views\generic\base.py", line 104, in view
    return self.dispatch(request, *args, **kwargs)
           ^^^^^^^^^^^^^^^^^^^^^^^^^^^^^^^^^^^^^^^
  File "C:\Users\Rearms\AppData\Local\Programs\Python\Python311\Lib\site-packages\rest_framework\views.py", line 509, in dispatch
    response = self.handle_exception(exc)
               ^^^^^^^^^^^^^^^^^^^^^^^^^^
  File "C:\Users\Rearms\AppData\Local\Programs\Python\Python311\Lib\site-packages\rest_framework\views.py", line 469, in handle_exception
    self.raise_uncaught_exception(exc)
  File "C:\Users\Rearms\AppData\Local\Programs\Python\Python311\Lib\site-packages\rest_framework\views.py", line 480, in raise_uncaught_exception
    raise exc
  File "C:\Users\Rearms\AppData\Local\Programs\Python\Python311\Lib\site-packages\rest_framework\views.py", line 506, in dispatch
    response = handler(request, *args, **kwargs)
               ^^^^^^^^^^^^^^^^^^^^^^^^^^^^^^^^^
  File "C:\Users\Rearms\Desktop\Ecommerce\django\WebApi\views.py", line 40, in post
    product_id = product_data['product']
                ~~~~~~~~~~~~^^^^^^^^^^^
KeyError: 'product'
C:\Users\Rearms\Desktop\Ecommerce\django\WebApi\views.py changed, reloading.
Watching for file changes with StatReloader
Not Found: /static/admin/js/vendor/jquery/jquery.min.js
Not Found: /static/admin/js/vendor/xregexp/xregexp.min.js
Not Found: /static/admin/js/vendor/jquery/jquery.min.js
Not Found: /static/admin/js/vendor/xregexp/xregexp.min.js
Not Found: /static/admin/js/vendor/jquery/jquery.min.js
Not Found: /static/admin/js/vendor/xregexp/xregexp.min.js
Not Found: /static/admin/js/vendor/jquery/jquery.min.js
Not Found: /static/admin/js/vendor/xregexp/xregexp.min.js
Not Found: /static/admin/js/vendor/jquery/jquery.min.js
Not Found: /static/admin/js/vendor/xregexp/xregexp.min.js
Not Found: /static/admin/js/vendor/jquery/jquery.min.js
Not Found: /static/admin/js/vendor/xregexp/xregexp.min.js
Not Found: /static/admin/js/vendor/jquery/jquery.min.js
Not Found: /static/admin/js/vendor/xregexp/xregexp.min.js
Not Found: /static/admin/js/vendor/jquery/jquery.min.js
Not Found: /static/admin/js/vendor/xregexp/xregexp.min.js
Not Found: /static/admin/js/vendor/jquery/jquery.min.js
Not Found: /static/admin/js/vendor/xregexp/xregexp.min.js
Not Found: /static/admin/js/vendor/jquery/jquery.min.js
Not Found: /static/admin/js/vendor/xregexp/xregexp.min.js
C:\Users\Rearms\Desktop\Ecommerce\django\WebApi\views.py changed, reloading.
Watching for file changes with StatReloader
Not Found: /static/admin/js/vendor/jquery/jquery.min.js
Not Found: /static/admin/js/vendor/xregexp/xregexp.min.js
Not Found: /static/admin/js/vendor/jquery/jquery.min.js
Not Found: /static/admin/js/vendor/xregexp/xregexp.min.js
Not Found: /static/admin/js/vendor/jquery/jquery.min.js
Not Found: /static/admin/js/vendor/xregexp/xregexp.min.js
Not Found: /static/admin/js/vendor/jquery/jquery.min.js
Not Found: /static/admin/js/vendor/xregexp/xregexp.min.js
Not Found: /static/admin/js/vendor/jquery/jquery.min.js
Not Found: /static/admin/js/vendor/xregexp/xregexp.min.js
Not Found: /static/admin/js/vendor/jquery/jquery.min.js
Not Found: /static/admin/js/vendor/xregexp/xregexp.min.js
Not Found: /static/admin/js/vendor/jquery/jquery.min.js
Not Found: /static/admin/js/vendor/xregexp/xregexp.min.js
Not Found: /static/admin/js/vendor/jquery/jquery.min.js
Not Found: /static/admin/js/vendor/xregexp/xregexp.min.js
Not Found: /static/admin/js/vendor/jquery/jquery.min.js
Not Found: /static/admin/js/vendor/xregexp/xregexp.min.js
Not Found: /static/admin/js/vendor/jquery/jquery.min.js
Not Found: /static/admin/js/vendor/xregexp/xregexp.min.js
Not Found: /static/admin/js/vendor/jquery/jquery.min.js
Not Found: /static/admin/js/vendor/xregexp/xregexp.min.js
Not Found: /static/admin/js/vendor/jquery/jquery.min.js
Not Found: /static/admin/js/vendor/xregexp/xregexp.min.js
Not Found: /static/admin/js/vendor/jquery/jquery.min.js
Not Found: /static/admin/js/vendor/xregexp/xregexp.min.js
Not Found: /static/admin/js/vendor/jquery/jquery.min.js
Not Found: /static/admin/js/vendor/xregexp/xregexp.min.js
Watching for file changes with StatReloader
Watching for file changes with StatReloader
C:\Users\Rearms\Desktop\Ecommerce\django\WebApi\serializers.py changed, reloading.
Watching for file changes with StatReloader
C:\Users\Rearms\Desktop\Ecommerce\django\WebApi\models.py changed, reloading.
Watching for file changes with StatReloader
C:\Users\Rearms\Desktop\Ecommerce\django\WebApi\models.py changed, reloading.
Watching for file changes with StatReloader
C:\Users\Rearms\Desktop\Ecommerce\django\backend\settings.py changed, reloading.
Watching for file changes with StatReloader
Watching for file changes with StatReloader
Watching for file changes with StatReloader
Watching for file changes with StatReloader
Watching for file changes with StatReloader
Not Found: /
Not Found: /favicon.ico
Not Found: /static/admin/css/base.css
Not Found: /static/admin/css/dark_mode.css
Not Found: /static/admin/css/nav_sidebar.css
Not Found: /static/admin/css/login.css
Not Found: /static/admin/css/responsive.css
Not Found: /static/admin/js/theme.js
Not Found: /static/admin/js/nav_sidebar.js
Watching for file changes with StatReloader
Not Found: /
Not Found: /static/admin/css/base.css
Not Found: /static/admin/css/dark_mode.css
Not Found: /static/admin/css/nav_sidebar.css
Not Found: /static/admin/css/login.css
Not Found: /static/admin/css/responsive.css
Not Found: /static/admin/js/theme.js
Not Found: /static/admin/js/nav_sidebar.js
Not Found: /static/admin/css/base.css
Not Found: /static/admin/css/nav_sidebar.css
Not Found: /static/admin/css/login.css
Not Found: /static/admin/css/responsive.css
Not Found: /static/admin/css/dark_mode.css
Not Found: /static/admin/js/theme.js
Not Found: /static/admin/js/nav_sidebar.js
Not Found: /static/admin/css/base.css
Not Found: /static/admin/css/nav_sidebar.css
Not Found: /static/admin/css/responsive.css
Not Found: /static/admin/css/login.css
Not Found: /static/admin/css/dark_mode.css
Not Found: /static/admin/js/theme.js
Not Found: /static/admin/js/nav_sidebar.js
Not Found: /static/admin/css/base.css
Not Found: /static/admin/css/login.css
Not Found: /static/admin/css/dark_mode.css
Not Found: /static/admin/css/responsive.css
Not Found: /static/admin/css/nav_sidebar.css
Not Found: /static/admin/js/theme.js
Not Found: /static/admin/js/nav_sidebar.js
Not Found: /static/admin/css/base.css
Not Found: /static/admin/css/dark_mode.css
Not Found: /static/admin/css/nav_sidebar.css
Not Found: /static/admin/css/login.css
Not Found: /static/admin/css/responsive.css
Not Found: /static/admin/js/theme.js
Not Found: /static/admin/js/nav_sidebar.js
Not Found: /static/admin/css/base.css
Not Found: /static/admin/css/dark_mode.css
Not Found: /static/admin/css/nav_sidebar.css
Not Found: /static/admin/css/login.css
Not Found: /static/admin/css/responsive.css
Not Found: /static/admin/js/theme.js
Not Found: /static/admin/js/nav_sidebar.js
Not Found: /static/admin/css/base.css
Not Found: /static/admin/css/dark_mode.css
Not Found: /static/admin/css/nav_sidebar.css
Not Found: /static/admin/css/login.css
Not Found: /static/admin/css/responsive.css
Not Found: /static/admin/js/theme.js
Not Found: /static/admin/js/nav_sidebar.js
Not Found: /static/admin/css/base.css
Not Found: /static/admin/css/dark_mode.css
Not Found: /static/admin/css/nav_sidebar.css
Not Found: /static/admin/css/login.css
Not Found: /static/admin/css/responsive.css
Not Found: /static/admin/js/theme.js
Not Found: /static/admin/js/nav_sidebar.js
Not Found: /static/admin/css/base.css
Not Found: /static/admin/css/login.css
Not Found: /static/admin/css/dark_mode.css
Not Found: /static/admin/css/nav_sidebar.css
Not Found: /static/admin/css/responsive.css
Not Found: /static/admin/js/theme.js
Not Found: /static/admin/js/nav_sidebar.js
Not Found: /static/admin/css/base.css
Not Found: /static/admin/css/dark_mode.css
Not Found: /static/admin/css/nav_sidebar.css
Not Found: /static/admin/css/login.css
Not Found: /static/admin/css/responsive.css
Not Found: /static/admin/js/theme.js
Not Found: /static/admin/js/nav_sidebar.js
Not Found: /static/admin/css/base.css
Not Found: /static/admin/css/dark_mode.css
Not Found: /static/admin/css/nav_sidebar.css
Not Found: /static/admin/css/login.css
Not Found: /static/admin/css/responsive.css
C:\Users\Rearms\Desktop\Web\Ecommerce\django\backend\settings.py changed, reloading.
Watching for file changes with StatReloader
C:\Users\Rearms\Desktop\Web\Ecommerce\django\backend\settings.py changed, reloading.
Watching for file changes with StatReloader
Bad Request: /api/orders/post/
Bad Request: /api/orders/post/
Bad Request: /api/orders/post/
Bad Request: /api/orders/post/
Bad Request: /api/orders/post/
Bad Request: /api/orders/post/
Bad Request: /api/orders/post/
Bad Request: /api/orders/post/
