Invalid HTTP_HOST header: '127.0.0.1:8000'. You may need to add '127.0.0.1' to ALLOWED_HOSTS.
Traceback (most recent call last):
  File "C:\Users\Rearms\AppData\Local\Programs\Python\Python311\Lib\site-packages\django\core\handlers\exception.py", line 55, in inner
    response = get_response(request)
               ^^^^^^^^^^^^^^^^^^^^^
  File "C:\Users\Rearms\AppData\Local\Programs\Python\Python311\Lib\site-packages\django\utils\deprecation.py", line 133, in __call__
    response = self.process_request(request)
               ^^^^^^^^^^^^^^^^^^^^^^^^^^^^^
  File "C:\Users\Rearms\AppData\Local\Programs\Python\Python311\Lib\site-packages\django\middleware\common.py", line 48, in process_request
    host = request.get_host()
           ^^^^^^^^^^^^^^^^^^
  File "C:\Users\Rearms\AppData\Local\Programs\Python\Python311\Lib\site-packages\django\http\request.py", line 150, in get_host
    raise DisallowedHost(msg)
django.core.exceptions.DisallowedHost: Invalid HTTP_HOST header: '127.0.0.1:8000'. You may need to add '127.0.0.1' to ALLOWED_HOSTS.
Bad Request: /api/products/
C:\Users\Rearms\Desktop\Ecommerce\django\backend\settings.py changed, reloading.
Watching for file changes with StatReloader
Session data corrupted
Session data corrupted
Not Found: /static/admin/css/login.css
Not Found: /favicon.ico
Session data corrupted
Not Found: /static/admin/js/vendor/jquery/jquery.min.js
Not Found: /static/admin/js/vendor/xregexp/xregexp.min.js
Not Found: /static/admin/img/sorting-icons.svg
C:\Users\Rearms\Desktop\Ecommerce\django\backend\settings.py changed, reloading.
Watching for file changes with StatReloader
C:\Users\Rearms\Desktop\Ecommerce\django\backend\settings.py changed, reloading.
Watching for file changes with StatReloader
Internal Server Error: /admin/
Traceback (most recent call last):
  File "C:\Users\Rearms\AppData\Local\Programs\Python\Python311\Lib\site-packages\django\core\files\storage\handler.py", line 35, in __getitem__
    return self._storages[alias]
           ~~~~~~~~~~~~~~^^^^^^^
KeyError: 'staticfiles'

During handling of the above exception, another exception occurred:

Traceback (most recent call last):
  File "C:\Users\Rearms\AppData\Local\Programs\Python\Python311\Lib\site-packages\django\core\handlers\exception.py", line 55, in inner
    response = get_response(request)
               ^^^^^^^^^^^^^^^^^^^^^
  File "C:\Users\Rearms\AppData\Local\Programs\Python\Python311\Lib\site-packages\django\core\handlers\base.py", line 220, in _get_response
    response = response.render()
               ^^^^^^^^^^^^^^^^^
  File "C:\Users\Rearms\AppData\Local\Programs\Python\Python311\Lib\site-packages\django\template\response.py", line 114, in render
    self.content = self.rendered_content
                   ^^^^^^^^^^^^^^^^^^^^^
  File "C:\Users\Rearms\AppData\Local\Programs\Python\Python311\Lib\site-packages\django\template\response.py", line 92, in rendered_content
    return template.render(context, self._request)
           ^^^^^^^^^^^^^^^^^^^^^^^^^^^^^^^^^^^^^^^
  File "C:\Users\Rearms\AppData\Local\Programs\Python\Python311\Lib\site-packages\django\template\backends\django.py", line 61, in render
    return self.template.render(context)
           ^^^^^^^^^^^^^^^^^^^^^^^^^^^^^
  File "C:\Users\Rearms\AppData\Local\Programs\Python\Python311\Lib\site-packages\django\template\base.py", line 175, in render
    return self._render(context)
           ^^^^^^^^^^^^^^^^^^^^^
  File "C:\Users\Rearms\AppData\Local\Programs\Python\Python311\Lib\site-packages\django\template\base.py", line 167, in _render
    return self.nodelist.render(context)
           ^^^^^^^^^^^^^^^^^^^^^^^^^^^^^
  File "C:\Users\Rearms\AppData\Local\Programs\Python\Python311\Lib\site-packages\django\template\base.py", line 1005, in render
    return SafeString("".join([node.render_annotated(context) for node in self]))
                              ^^^^^^^^^^^^^^^^^^^^^^^^^^^^^^^^^^^^^^^^^^^^^^^^^
  File "C:\Users\Rearms\AppData\Local\Programs\Python\Python311\Lib\site-packages\django\template\base.py", line 1005, in <listcomp>
    return SafeString("".join([node.render_annotated(context) for node in self]))
                               ^^^^^^^^^^^^^^^^^^^^^^^^^^^^^^
  File "C:\Users\Rearms\AppData\Local\Programs\Python\Python311\Lib\site-packages\django\template\base.py", line 966, in render_annotated
    return self.render(context)
           ^^^^^^^^^^^^^^^^^^^^
  File "C:\Users\Rearms\AppData\Local\Programs\Python\Python311\Lib\site-packages\django\template\loader_tags.py", line 157, in render
    return compiled_parent._render(context)
           ^^^^^^^^^^^^^^^^^^^^^^^^^^^^^^^^
  File "C:\Users\Rearms\AppData\Local\Programs\Python\Python311\Lib\site-packages\django\template\base.py", line 167, in _render
    return self.nodelist.render(context)
           ^^^^^^^^^^^^^^^^^^^^^^^^^^^^^
  File "C:\Users\Rearms\AppData\Local\Programs\Python\Python311\Lib\site-packages\django\template\base.py", line 1005, in render
    return SafeString("".join([node.render_annotated(context) for node in self]))
                              ^^^^^^^^^^^^^^^^^^^^^^^^^^^^^^^^^^^^^^^^^^^^^^^^^
  File "C:\Users\Rearms\AppData\Local\Programs\Python\Python311\Lib\site-packages\django\template\base.py", line 1005, in <listcomp>
    return SafeString("".join([node.render_annotated(context) for node in self]))
                               ^^^^^^^^^^^^^^^^^^^^^^^^^^^^^^
  File "C:\Users\Rearms\AppData\Local\Programs\Python\Python311\Lib\site-packages\django\template\base.py", line 966, in render_annotated
    return self.render(context)
           ^^^^^^^^^^^^^^^^^^^^
  File "C:\Users\Rearms\AppData\Local\Programs\Python\Python311\Lib\site-packages\django\template\loader_tags.py", line 157, in render
    return compiled_parent._render(context)
           ^^^^^^^^^^^^^^^^^^^^^^^^^^^^^^^^
  File "C:\Users\Rearms\AppData\Local\Programs\Python\Python311\Lib\site-packages\django\template\base.py", line 167, in _render
    return self.nodelist.render(context)
           ^^^^^^^^^^^^^^^^^^^^^^^^^^^^^
  File "C:\Users\Rearms\AppData\Local\Programs\Python\Python311\Lib\site-packages\django\template\base.py", line 1005, in render
    return SafeString("".join([node.render_annotated(context) for node in self]))
                              ^^^^^^^^^^^^^^^^^^^^^^^^^^^^^^^^^^^^^^^^^^^^^^^^^
  File "C:\Users\Rearms\AppData\Local\Programs\Python\Python311\Lib\site-packages\django\template\base.py", line 1005, in <listcomp>
    return SafeString("".join([node.render_annotated(context) for node in self]))
                               ^^^^^^^^^^^^^^^^^^^^^^^^^^^^^^
  File "C:\Users\Rearms\AppData\Local\Programs\Python\Python311\Lib\site-packages\django\template\base.py", line 966, in render_annotated
    return self.render(context)
           ^^^^^^^^^^^^^^^^^^^^
  File "C:\Users\Rearms\AppData\Local\Programs\Python\Python311\Lib\site-packages\django\template\loader_tags.py", line 63, in render
    result = block.nodelist.render(context)
             ^^^^^^^^^^^^^^^^^^^^^^^^^^^^^^
  File "C:\Users\Rearms\AppData\Local\Programs\Python\Python311\Lib\site-packages\django\template\base.py", line 1005, in render
    return SafeString("".join([node.render_annotated(context) for node in self]))
                              ^^^^^^^^^^^^^^^^^^^^^^^^^^^^^^^^^^^^^^^^^^^^^^^^^
  File "C:\Users\Rearms\AppData\Local\Programs\Python\Python311\Lib\site-packages\django\template\base.py", line 1005, in <listcomp>
    return SafeString("".join([node.render_annotated(context) for node in self]))
                               ^^^^^^^^^^^^^^^^^^^^^^^^^^^^^^
  File "C:\Users\Rearms\AppData\Local\Programs\Python\Python311\Lib\site-packages\django\template\base.py", line 966, in render_annotated
    return self.render(context)
           ^^^^^^^^^^^^^^^^^^^^
  File "C:\Users\Rearms\AppData\Local\Programs\Python\Python311\Lib\site-packages\django\templatetags\static.py", line 116, in render
    url = self.url(context)
          ^^^^^^^^^^^^^^^^^
  File "C:\Users\Rearms\AppData\Local\Programs\Python\Python311\Lib\site-packages\django\templatetags\static.py", line 113, in url
    return self.handle_simple(path)
           ^^^^^^^^^^^^^^^^^^^^^^^^
  File "C:\Users\Rearms\AppData\Local\Programs\Python\Python311\Lib\site-packages\django\templatetags\static.py", line 129, in handle_simple
    return staticfiles_storage.url(path)
           ^^^^^^^^^^^^^^^^^^^^^^^
  File "C:\Users\Rearms\AppData\Local\Programs\Python\Python311\Lib\site-packages\django\utils\functional.py", line 266, in inner
    self._setup()
  File "C:\Users\Rearms\AppData\Local\Programs\Python\Python311\Lib\site-packages\django\contrib\staticfiles\storage.py", line 537, in _setup
    self._wrapped = storages[STATICFILES_STORAGE_ALIAS]
                    ~~~~~~~~^^^^^^^^^^^^^^^^^^^^^^^^^^^
  File "C:\Users\Rearms\AppData\Local\Programs\Python\Python311\Lib\site-packages\django\core\files\storage\handler.py", line 43, in __getitem__
    storage = self.create_storage(params)
              ^^^^^^^^^^^^^^^^^^^^^^^^^^^
  File "C:\Users\Rearms\AppData\Local\Programs\Python\Python311\Lib\site-packages\django\core\files\storage\handler.py", line 55, in create_storage
    return storage_cls(**options)
           ^^^^^^^^^^^^^^^^^^^^^^
  File "C:\Users\Rearms\AppData\Local\Programs\Python\Python311\Lib\site-packages\django\contrib\staticfiles\storage.py", line 29, in __init__
    check_settings(base_url)
  File "C:\Users\Rearms\AppData\Local\Programs\Python\Python311\Lib\site-packages\django\contrib\staticfiles\utils.py", line 49, in check_settings
    raise ImproperlyConfigured(
django.core.exceptions.ImproperlyConfigured: You're using the staticfiles app without having set the required STATIC_URL setting.
Internal Server Error: /admin/
Traceback (most recent call last):
  File "C:\Users\Rearms\AppData\Local\Programs\Python\Python311\Lib\site-packages\django\core\files\storage\handler.py", line 35, in __getitem__
    return self._storages[alias]
           ~~~~~~~~~~~~~~^^^^^^^
KeyError: 'staticfiles'

During handling of the above exception, another exception occurred:

Traceback (most recent call last):
  File "C:\Users\Rearms\AppData\Local\Programs\Python\Python311\Lib\site-packages\django\core\handlers\exception.py", line 55, in inner
    response = get_response(request)
               ^^^^^^^^^^^^^^^^^^^^^
  File "C:\Users\Rearms\AppData\Local\Programs\Python\Python311\Lib\site-packages\django\core\handlers\base.py", line 220, in _get_response
    response = response.render()
               ^^^^^^^^^^^^^^^^^
  File "C:\Users\Rearms\AppData\Local\Programs\Python\Python311\Lib\site-packages\django\template\response.py", line 114, in render
    self.content = self.rendered_content
                   ^^^^^^^^^^^^^^^^^^^^^
  File "C:\Users\Rearms\AppData\Local\Programs\Python\Python311\Lib\site-packages\django\template\response.py", line 92, in rendered_content
    return template.render(context, self._request)
           ^^^^^^^^^^^^^^^^^^^^^^^^^^^^^^^^^^^^^^^
  File "C:\Users\Rearms\AppData\Local\Programs\Python\Python311\Lib\site-packages\django\template\backends\django.py", line 61, in render
    return self.template.render(context)
           ^^^^^^^^^^^^^^^^^^^^^^^^^^^^^
  File "C:\Users\Rearms\AppData\Local\Programs\Python\Python311\Lib\site-packages\django\template\base.py", line 175, in render
    return self._render(context)
           ^^^^^^^^^^^^^^^^^^^^^
  File "C:\Users\Rearms\AppData\Local\Programs\Python\Python311\Lib\site-packages\django\template\base.py", line 167, in _render
    return self.nodelist.render(context)
           ^^^^^^^^^^^^^^^^^^^^^^^^^^^^^
  File "C:\Users\Rearms\AppData\Local\Programs\Python\Python311\Lib\site-packages\django\template\base.py", line 1005, in render
    return SafeString("".join([node.render_annotated(context) for node in self]))
                              ^^^^^^^^^^^^^^^^^^^^^^^^^^^^^^^^^^^^^^^^^^^^^^^^^
  File "C:\Users\Rearms\AppData\Local\Programs\Python\Python311\Lib\site-packages\django\template\base.py", line 1005, in <listcomp>
    return SafeString("".join([node.render_annotated(context) for node in self]))
                               ^^^^^^^^^^^^^^^^^^^^^^^^^^^^^^
  File "C:\Users\Rearms\AppData\Local\Programs\Python\Python311\Lib\site-packages\django\template\base.py", line 966, in render_annotated
    return self.render(context)
           ^^^^^^^^^^^^^^^^^^^^
  File "C:\Users\Rearms\AppData\Local\Programs\Python\Python311\Lib\site-packages\django\template\loader_tags.py", line 157, in render
    return compiled_parent._render(context)
           ^^^^^^^^^^^^^^^^^^^^^^^^^^^^^^^^
  File "C:\Users\Rearms\AppData\Local\Programs\Python\Python311\Lib\site-packages\django\template\base.py", line 167, in _render
    return self.nodelist.render(context)
           ^^^^^^^^^^^^^^^^^^^^^^^^^^^^^
  File "C:\Users\Rearms\AppData\Local\Programs\Python\Python311\Lib\site-packages\django\template\base.py", line 1005, in render
    return SafeString("".join([node.render_annotated(context) for node in self]))
                              ^^^^^^^^^^^^^^^^^^^^^^^^^^^^^^^^^^^^^^^^^^^^^^^^^
  File "C:\Users\Rearms\AppData\Local\Programs\Python\Python311\Lib\site-packages\django\template\base.py", line 1005, in <listcomp>
    return SafeString("".join([node.render_annotated(context) for node in self]))
                               ^^^^^^^^^^^^^^^^^^^^^^^^^^^^^^
  File "C:\Users\Rearms\AppData\Local\Programs\Python\Python311\Lib\site-packages\django\template\base.py", line 966, in render_annotated
    return self.render(context)
           ^^^^^^^^^^^^^^^^^^^^
  File "C:\Users\Rearms\AppData\Local\Programs\Python\Python311\Lib\site-packages\django\template\loader_tags.py", line 157, in render
    return compiled_parent._render(context)
           ^^^^^^^^^^^^^^^^^^^^^^^^^^^^^^^^
  File "C:\Users\Rearms\AppData\Local\Programs\Python\Python311\Lib\site-packages\django\template\base.py", line 167, in _render
    return self.nodelist.render(context)
           ^^^^^^^^^^^^^^^^^^^^^^^^^^^^^
  File "C:\Users\Rearms\AppData\Local\Programs\Python\Python311\Lib\site-packages\django\template\base.py", line 1005, in render
    return SafeString("".join([node.render_annotated(context) for node in self]))
                              ^^^^^^^^^^^^^^^^^^^^^^^^^^^^^^^^^^^^^^^^^^^^^^^^^
  File "C:\Users\Rearms\AppData\Local\Programs\Python\Python311\Lib\site-packages\django\template\base.py", line 1005, in <listcomp>
    return SafeString("".join([node.render_annotated(context) for node in self]))
                               ^^^^^^^^^^^^^^^^^^^^^^^^^^^^^^
  File "C:\Users\Rearms\AppData\Local\Programs\Python\Python311\Lib\site-packages\django\template\base.py", line 966, in render_annotated
    return self.render(context)
           ^^^^^^^^^^^^^^^^^^^^
  File "C:\Users\Rearms\AppData\Local\Programs\Python\Python311\Lib\site-packages\django\template\loader_tags.py", line 63, in render
    result = block.nodelist.render(context)
             ^^^^^^^^^^^^^^^^^^^^^^^^^^^^^^
  File "C:\Users\Rearms\AppData\Local\Programs\Python\Python311\Lib\site-packages\django\template\base.py", line 1005, in render
    return SafeString("".join([node.render_annotated(context) for node in self]))
                              ^^^^^^^^^^^^^^^^^^^^^^^^^^^^^^^^^^^^^^^^^^^^^^^^^
  File "C:\Users\Rearms\AppData\Local\Programs\Python\Python311\Lib\site-packages\django\template\base.py", line 1005, in <listcomp>
    return SafeString("".join([node.render_annotated(context) for node in self]))
                               ^^^^^^^^^^^^^^^^^^^^^^^^^^^^^^
  File "C:\Users\Rearms\AppData\Local\Programs\Python\Python311\Lib\site-packages\django\template\base.py", line 966, in render_annotated
    return self.render(context)
           ^^^^^^^^^^^^^^^^^^^^
  File "C:\Users\Rearms\AppData\Local\Programs\Python\Python311\Lib\site-packages\django\templatetags\static.py", line 116, in render
    url = self.url(context)
          ^^^^^^^^^^^^^^^^^
  File "C:\Users\Rearms\AppData\Local\Programs\Python\Python311\Lib\site-packages\django\templatetags\static.py", line 113, in url
    return self.handle_simple(path)
           ^^^^^^^^^^^^^^^^^^^^^^^^
  File "C:\Users\Rearms\AppData\Local\Programs\Python\Python311\Lib\site-packages\django\templatetags\static.py", line 129, in handle_simple
    return staticfiles_storage.url(path)
           ^^^^^^^^^^^^^^^^^^^^^^^
  File "C:\Users\Rearms\AppData\Local\Programs\Python\Python311\Lib\site-packages\django\utils\functional.py", line 266, in inner
    self._setup()
  File "C:\Users\Rearms\AppData\Local\Programs\Python\Python311\Lib\site-packages\django\contrib\staticfiles\storage.py", line 537, in _setup
    self._wrapped = storages[STATICFILES_STORAGE_ALIAS]
                    ~~~~~~~~^^^^^^^^^^^^^^^^^^^^^^^^^^^
  File "C:\Users\Rearms\AppData\Local\Programs\Python\Python311\Lib\site-packages\django\core\files\storage\handler.py", line 43, in __getitem__
    storage = self.create_storage(params)
              ^^^^^^^^^^^^^^^^^^^^^^^^^^^
  File "C:\Users\Rearms\AppData\Local\Programs\Python\Python311\Lib\site-packages\django\core\files\storage\handler.py", line 55, in create_storage
    return storage_cls(**options)
           ^^^^^^^^^^^^^^^^^^^^^^
  File "C:\Users\Rearms\AppData\Local\Programs\Python\Python311\Lib\site-packages\django\contrib\staticfiles\storage.py", line 29, in __init__
    check_settings(base_url)
  File "C:\Users\Rearms\AppData\Local\Programs\Python\Python311\Lib\site-packages\django\contrib\staticfiles\utils.py", line 49, in check_settings
    raise ImproperlyConfigured(
django.core.exceptions.ImproperlyConfigured: You're using the staticfiles app without having set the required STATIC_URL setting.
Internal Server Error: /admin/
Traceback (most recent call last):
  File "C:\Users\Rearms\AppData\Local\Programs\Python\Python311\Lib\site-packages\django\core\files\storage\handler.py", line 35, in __getitem__
    return self._storages[alias]
           ~~~~~~~~~~~~~~^^^^^^^
KeyError: 'staticfiles'

During handling of the above exception, another exception occurred:

Traceback (most recent call last):
  File "C:\Users\Rearms\AppData\Local\Programs\Python\Python311\Lib\site-packages\django\core\handlers\exception.py", line 55, in inner
    response = get_response(request)
               ^^^^^^^^^^^^^^^^^^^^^
  File "C:\Users\Rearms\AppData\Local\Programs\Python\Python311\Lib\site-packages\django\core\handlers\base.py", line 220, in _get_response
    response = response.render()
               ^^^^^^^^^^^^^^^^^
  File "C:\Users\Rearms\AppData\Local\Programs\Python\Python311\Lib\site-packages\django\template\response.py", line 114, in render
    self.content = self.rendered_content
                   ^^^^^^^^^^^^^^^^^^^^^
  File "C:\Users\Rearms\AppData\Local\Programs\Python\Python311\Lib\site-packages\django\template\response.py", line 92, in rendered_content
    return template.render(context, self._request)
           ^^^^^^^^^^^^^^^^^^^^^^^^^^^^^^^^^^^^^^^
  File "C:\Users\Rearms\AppData\Local\Programs\Python\Python311\Lib\site-packages\django\template\backends\django.py", line 61, in render
    return self.template.render(context)
           ^^^^^^^^^^^^^^^^^^^^^^^^^^^^^
  File "C:\Users\Rearms\AppData\Local\Programs\Python\Python311\Lib\site-packages\django\template\base.py", line 175, in render
    return self._render(context)
           ^^^^^^^^^^^^^^^^^^^^^
  File "C:\Users\Rearms\AppData\Local\Programs\Python\Python311\Lib\site-packages\django\template\base.py", line 167, in _render
    return self.nodelist.render(context)
           ^^^^^^^^^^^^^^^^^^^^^^^^^^^^^
  File "C:\Users\Rearms\AppData\Local\Programs\Python\Python311\Lib\site-packages\django\template\base.py", line 1005, in render
    return SafeString("".join([node.render_annotated(context) for node in self]))
                              ^^^^^^^^^^^^^^^^^^^^^^^^^^^^^^^^^^^^^^^^^^^^^^^^^
  File "C:\Users\Rearms\AppData\Local\Programs\Python\Python311\Lib\site-packages\django\template\base.py", line 1005, in <listcomp>
    return SafeString("".join([node.render_annotated(context) for node in self]))
                               ^^^^^^^^^^^^^^^^^^^^^^^^^^^^^^
  File "C:\Users\Rearms\AppData\Local\Programs\Python\Python311\Lib\site-packages\django\template\base.py", line 966, in render_annotated
    return self.render(context)
           ^^^^^^^^^^^^^^^^^^^^
  File "C:\Users\Rearms\AppData\Local\Programs\Python\Python311\Lib\site-packages\django\template\loader_tags.py", line 157, in render
    return compiled_parent._render(context)
           ^^^^^^^^^^^^^^^^^^^^^^^^^^^^^^^^
  File "C:\Users\Rearms\AppData\Local\Programs\Python\Python311\Lib\site-packages\django\template\base.py", line 167, in _render
    return self.nodelist.render(context)
           ^^^^^^^^^^^^^^^^^^^^^^^^^^^^^
  File "C:\Users\Rearms\AppData\Local\Programs\Python\Python311\Lib\site-packages\django\template\base.py", line 1005, in render
    return SafeString("".join([node.render_annotated(context) for node in self]))
                              ^^^^^^^^^^^^^^^^^^^^^^^^^^^^^^^^^^^^^^^^^^^^^^^^^
  File "C:\Users\Rearms\AppData\Local\Programs\Python\Python311\Lib\site-packages\django\template\base.py", line 1005, in <listcomp>
    return SafeString("".join([node.render_annotated(context) for node in self]))
                               ^^^^^^^^^^^^^^^^^^^^^^^^^^^^^^
  File "C:\Users\Rearms\AppData\Local\Programs\Python\Python311\Lib\site-packages\django\template\base.py", line 966, in render_annotated
    return self.render(context)
           ^^^^^^^^^^^^^^^^^^^^
  File "C:\Users\Rearms\AppData\Local\Programs\Python\Python311\Lib\site-packages\django\template\loader_tags.py", line 157, in render
    return compiled_parent._render(context)
           ^^^^^^^^^^^^^^^^^^^^^^^^^^^^^^^^
  File "C:\Users\Rearms\AppData\Local\Programs\Python\Python311\Lib\site-packages\django\template\base.py", line 167, in _render
    return self.nodelist.render(context)
           ^^^^^^^^^^^^^^^^^^^^^^^^^^^^^
  File "C:\Users\Rearms\AppData\Local\Programs\Python\Python311\Lib\site-packages\django\template\base.py", line 1005, in render
    return SafeString("".join([node.render_annotated(context) for node in self]))
                              ^^^^^^^^^^^^^^^^^^^^^^^^^^^^^^^^^^^^^^^^^^^^^^^^^
  File "C:\Users\Rearms\AppData\Local\Programs\Python\Python311\Lib\site-packages\django\template\base.py", line 1005, in <listcomp>
    return SafeString("".join([node.render_annotated(context) for node in self]))
                               ^^^^^^^^^^^^^^^^^^^^^^^^^^^^^^
  File "C:\Users\Rearms\AppData\Local\Programs\Python\Python311\Lib\site-packages\django\template\base.py", line 966, in render_annotated
    return self.render(context)
           ^^^^^^^^^^^^^^^^^^^^
  File "C:\Users\Rearms\AppData\Local\Programs\Python\Python311\Lib\site-packages\django\template\loader_tags.py", line 63, in render
    result = block.nodelist.render(context)
             ^^^^^^^^^^^^^^^^^^^^^^^^^^^^^^
  File "C:\Users\Rearms\AppData\Local\Programs\Python\Python311\Lib\site-packages\django\template\base.py", line 1005, in render
    return SafeString("".join([node.render_annotated(context) for node in self]))
                              ^^^^^^^^^^^^^^^^^^^^^^^^^^^^^^^^^^^^^^^^^^^^^^^^^
  File "C:\Users\Rearms\AppData\Local\Programs\Python\Python311\Lib\site-packages\django\template\base.py", line 1005, in <listcomp>
    return SafeString("".join([node.render_annotated(context) for node in self]))
                               ^^^^^^^^^^^^^^^^^^^^^^^^^^^^^^
  File "C:\Users\Rearms\AppData\Local\Programs\Python\Python311\Lib\site-packages\django\template\base.py", line 966, in render_annotated
    return self.render(context)
           ^^^^^^^^^^^^^^^^^^^^
  File "C:\Users\Rearms\AppData\Local\Programs\Python\Python311\Lib\site-packages\django\templatetags\static.py", line 116, in render
    url = self.url(context)
          ^^^^^^^^^^^^^^^^^
  File "C:\Users\Rearms\AppData\Local\Programs\Python\Python311\Lib\site-packages\django\templatetags\static.py", line 113, in url
    return self.handle_simple(path)
           ^^^^^^^^^^^^^^^^^^^^^^^^
  File "C:\Users\Rearms\AppData\Local\Programs\Python\Python311\Lib\site-packages\django\templatetags\static.py", line 129, in handle_simple
    return staticfiles_storage.url(path)
           ^^^^^^^^^^^^^^^^^^^^^^^
  File "C:\Users\Rearms\AppData\Local\Programs\Python\Python311\Lib\site-packages\django\utils\functional.py", line 266, in inner
    self._setup()
  File "C:\Users\Rearms\AppData\Local\Programs\Python\Python311\Lib\site-packages\django\contrib\staticfiles\storage.py", line 537, in _setup
    self._wrapped = storages[STATICFILES_STORAGE_ALIAS]
                    ~~~~~~~~^^^^^^^^^^^^^^^^^^^^^^^^^^^
  File "C:\Users\Rearms\AppData\Local\Programs\Python\Python311\Lib\site-packages\django\core\files\storage\handler.py", line 43, in __getitem__
    storage = self.create_storage(params)
              ^^^^^^^^^^^^^^^^^^^^^^^^^^^
  File "C:\Users\Rearms\AppData\Local\Programs\Python\Python311\Lib\site-packages\django\core\files\storage\handler.py", line 55, in create_storage
    return storage_cls(**options)
           ^^^^^^^^^^^^^^^^^^^^^^
  File "C:\Users\Rearms\AppData\Local\Programs\Python\Python311\Lib\site-packages\django\contrib\staticfiles\storage.py", line 29, in __init__
    check_settings(base_url)
  File "C:\Users\Rearms\AppData\Local\Programs\Python\Python311\Lib\site-packages\django\contrib\staticfiles\utils.py", line 49, in check_settings
    raise ImproperlyConfigured(
django.core.exceptions.ImproperlyConfigured: You're using the staticfiles app without having set the required STATIC_URL setting.
Internal Server Error: /admin/
Traceback (most recent call last):
  File "C:\Users\Rearms\AppData\Local\Programs\Python\Python311\Lib\site-packages\django\core\files\storage\handler.py", line 35, in __getitem__
    return self._storages[alias]
           ~~~~~~~~~~~~~~^^^^^^^
KeyError: 'staticfiles'

During handling of the above exception, another exception occurred:

Traceback (most recent call last):
  File "C:\Users\Rearms\AppData\Local\Programs\Python\Python311\Lib\site-packages\django\core\handlers\exception.py", line 55, in inner
    response = get_response(request)
               ^^^^^^^^^^^^^^^^^^^^^
  File "C:\Users\Rearms\AppData\Local\Programs\Python\Python311\Lib\site-packages\django\core\handlers\base.py", line 220, in _get_response
    response = response.render()
               ^^^^^^^^^^^^^^^^^
  File "C:\Users\Rearms\AppData\Local\Programs\Python\Python311\Lib\site-packages\django\template\response.py", line 114, in render
    self.content = self.rendered_content
                   ^^^^^^^^^^^^^^^^^^^^^
  File "C:\Users\Rearms\AppData\Local\Programs\Python\Python311\Lib\site-packages\django\template\response.py", line 92, in rendered_content
    return template.render(context, self._request)
           ^^^^^^^^^^^^^^^^^^^^^^^^^^^^^^^^^^^^^^^
  File "C:\Users\Rearms\AppData\Local\Programs\Python\Python311\Lib\site-packages\django\template\backends\django.py", line 61, in render
    return self.template.render(context)
           ^^^^^^^^^^^^^^^^^^^^^^^^^^^^^
  File "C:\Users\Rearms\AppData\Local\Programs\Python\Python311\Lib\site-packages\django\template\base.py", line 175, in render
    return self._render(context)
           ^^^^^^^^^^^^^^^^^^^^^
  File "C:\Users\Rearms\AppData\Local\Programs\Python\Python311\Lib\site-packages\django\template\base.py", line 167, in _render
    return self.nodelist.render(context)
           ^^^^^^^^^^^^^^^^^^^^^^^^^^^^^
  File "C:\Users\Rearms\AppData\Local\Programs\Python\Python311\Lib\site-packages\django\template\base.py", line 1005, in render
    return SafeString("".join([node.render_annotated(context) for node in self]))
                              ^^^^^^^^^^^^^^^^^^^^^^^^^^^^^^^^^^^^^^^^^^^^^^^^^
  File "C:\Users\Rearms\AppData\Local\Programs\Python\Python311\Lib\site-packages\django\template\base.py", line 1005, in <listcomp>
    return SafeString("".join([node.render_annotated(context) for node in self]))
                               ^^^^^^^^^^^^^^^^^^^^^^^^^^^^^^
  File "C:\Users\Rearms\AppData\Local\Programs\Python\Python311\Lib\site-packages\django\template\base.py", line 966, in render_annotated
    return self.render(context)
           ^^^^^^^^^^^^^^^^^^^^
  File "C:\Users\Rearms\AppData\Local\Programs\Python\Python311\Lib\site-packages\django\template\loader_tags.py", line 157, in render
    return compiled_parent._render(context)
           ^^^^^^^^^^^^^^^^^^^^^^^^^^^^^^^^
  File "C:\Users\Rearms\AppData\Local\Programs\Python\Python311\Lib\site-packages\django\template\base.py", line 167, in _render
    return self.nodelist.render(context)
           ^^^^^^^^^^^^^^^^^^^^^^^^^^^^^
  File "C:\Users\Rearms\AppData\Local\Programs\Python\Python311\Lib\site-packages\django\template\base.py", line 1005, in render
    return SafeString("".join([node.render_annotated(context) for node in self]))
                              ^^^^^^^^^^^^^^^^^^^^^^^^^^^^^^^^^^^^^^^^^^^^^^^^^
  File "C:\Users\Rearms\AppData\Local\Programs\Python\Python311\Lib\site-packages\django\template\base.py", line 1005, in <listcomp>
    return SafeString("".join([node.render_annotated(context) for node in self]))
                               ^^^^^^^^^^^^^^^^^^^^^^^^^^^^^^
  File "C:\Users\Rearms\AppData\Local\Programs\Python\Python311\Lib\site-packages\django\template\base.py", line 966, in render_annotated
    return self.render(context)
           ^^^^^^^^^^^^^^^^^^^^
  File "C:\Users\Rearms\AppData\Local\Programs\Python\Python311\Lib\site-packages\django\template\loader_tags.py", line 157, in render
    return compiled_parent._render(context)
           ^^^^^^^^^^^^^^^^^^^^^^^^^^^^^^^^
  File "C:\Users\Rearms\AppData\Local\Programs\Python\Python311\Lib\site-packages\django\template\base.py", line 167, in _render
    return self.nodelist.render(context)
           ^^^^^^^^^^^^^^^^^^^^^^^^^^^^^
  File "C:\Users\Rearms\AppData\Local\Programs\Python\Python311\Lib\site-packages\django\template\base.py", line 1005, in render
    return SafeString("".join([node.render_annotated(context) for node in self]))
                              ^^^^^^^^^^^^^^^^^^^^^^^^^^^^^^^^^^^^^^^^^^^^^^^^^
  File "C:\Users\Rearms\AppData\Local\Programs\Python\Python311\Lib\site-packages\django\template\base.py", line 1005, in <listcomp>
    return SafeString("".join([node.render_annotated(context) for node in self]))
                               ^^^^^^^^^^^^^^^^^^^^^^^^^^^^^^
  File "C:\Users\Rearms\AppData\Local\Programs\Python\Python311\Lib\site-packages\django\template\base.py", line 966, in render_annotated
    return self.render(context)
           ^^^^^^^^^^^^^^^^^^^^
  File "C:\Users\Rearms\AppData\Local\Programs\Python\Python311\Lib\site-packages\django\template\loader_tags.py", line 63, in render
    result = block.nodelist.render(context)
             ^^^^^^^^^^^^^^^^^^^^^^^^^^^^^^
  File "C:\Users\Rearms\AppData\Local\Programs\Python\Python311\Lib\site-packages\django\template\base.py", line 1005, in render
    return SafeString("".join([node.render_annotated(context) for node in self]))
                              ^^^^^^^^^^^^^^^^^^^^^^^^^^^^^^^^^^^^^^^^^^^^^^^^^
  File "C:\Users\Rearms\AppData\Local\Programs\Python\Python311\Lib\site-packages\django\template\base.py", line 1005, in <listcomp>
    return SafeString("".join([node.render_annotated(context) for node in self]))
                               ^^^^^^^^^^^^^^^^^^^^^^^^^^^^^^
  File "C:\Users\Rearms\AppData\Local\Programs\Python\Python311\Lib\site-packages\django\template\base.py", line 966, in render_annotated
    return self.render(context)
           ^^^^^^^^^^^^^^^^^^^^
  File "C:\Users\Rearms\AppData\Local\Programs\Python\Python311\Lib\site-packages\django\templatetags\static.py", line 116, in render
    url = self.url(context)
          ^^^^^^^^^^^^^^^^^
  File "C:\Users\Rearms\AppData\Local\Programs\Python\Python311\Lib\site-packages\django\templatetags\static.py", line 113, in url
    return self.handle_simple(path)
           ^^^^^^^^^^^^^^^^^^^^^^^^
  File "C:\Users\Rearms\AppData\Local\Programs\Python\Python311\Lib\site-packages\django\templatetags\static.py", line 129, in handle_simple
    return staticfiles_storage.url(path)
           ^^^^^^^^^^^^^^^^^^^^^^^
  File "C:\Users\Rearms\AppData\Local\Programs\Python\Python311\Lib\site-packages\django\utils\functional.py", line 266, in inner
    self._setup()
  File "C:\Users\Rearms\AppData\Local\Programs\Python\Python311\Lib\site-packages\django\contrib\staticfiles\storage.py", line 537, in _setup
    self._wrapped = storages[STATICFILES_STORAGE_ALIAS]
                    ~~~~~~~~^^^^^^^^^^^^^^^^^^^^^^^^^^^
  File "C:\Users\Rearms\AppData\Local\Programs\Python\Python311\Lib\site-packages\django\core\files\storage\handler.py", line 43, in __getitem__
    storage = self.create_storage(params)
              ^^^^^^^^^^^^^^^^^^^^^^^^^^^
  File "C:\Users\Rearms\AppData\Local\Programs\Python\Python311\Lib\site-packages\django\core\files\storage\handler.py", line 55, in create_storage
    return storage_cls(**options)
           ^^^^^^^^^^^^^^^^^^^^^^
  File "C:\Users\Rearms\AppData\Local\Programs\Python\Python311\Lib\site-packages\django\contrib\staticfiles\storage.py", line 29, in __init__
    check_settings(base_url)
  File "C:\Users\Rearms\AppData\Local\Programs\Python\Python311\Lib\site-packages\django\contrib\staticfiles\utils.py", line 49, in check_settings
    raise ImproperlyConfigured(
django.core.exceptions.ImproperlyConfigured: You're using the staticfiles app without having set the required STATIC_URL setting.
C:\Users\Rearms\Desktop\Ecommerce\django\backend\settings.py changed, reloading.
Watching for file changes with StatReloader
Not Found: /
C:\Users\Rearms\Desktop\Ecommerce\django\backend\settings.py changed, reloading.
Watching for file changes with StatReloader
C:\Users\Rearms\Desktop\Ecommerce\django\backend\settings.py changed, reloading.
Watching for file changes with StatReloader
C:\Users\Rearms\Desktop\Ecommerce\django\backend\settings.py changed, reloading.
Watching for file changes with StatReloader
Not Found: /
Watching for file changes with StatReloader
Not Found: /admin/
C:\Users\Rearms\Desktop\Ecommerce\django\backend\settings.py changed, reloading.
Watching for file changes with StatReloader
Watching for file changes with StatReloader
Not Found: /admin/
Not Found: /admin/
Not Found: /admin/
Not Found: /admin/
Not Found: /admin/
Not Found: /admin/
C:\Users\Rearms\Desktop\Ecommerce\django\backend\settings.py changed, reloading.
Watching for file changes with StatReloader
C:\Users\Rearms\Desktop\Ecommerce\django\backend\settings.py changed, reloading.
Watching for file changes with StatReloader
Not Found: /admin/
Not Found: /admin/
Not Found: /admin/
Not Found: /admin/
Not Found: /admin/
Not Found: /admin/
Not Found: /admin/
Not Found: /admin/
C:\Users\Rearms\Desktop\Ecommerce\django\backend\settings.py changed, reloading.
Watching for file changes with StatReloader
C:\Users\Rearms\Desktop\Ecommerce\django\backend\settings.py changed, reloading.
Watching for file changes with StatReloader
Not Found: /static/admin/js/vendor/jquery/jquery.min.js
Not Found: /static/admin/js/vendor/xregexp/xregexp.min.js
Not Found: /static/admin/js/vendor/jquery/jquery.min.js
Not Found: /static/admin/js/vendor/xregexp/xregexp.min.js
C:\Users\Rearms\Desktop\Ecommerce\django\backend\settings.py changed, reloading.
Watching for file changes with StatReloader
C:\Users\Rearms\Desktop\Ecommerce\django\backend\settings.py changed, reloading.
Watching for file changes with StatReloader
Not Found: /socket.io/
Not Found: /socket.io/
Not Found: /socket.io/
Not Found: /socket.io/
Not Found: /socket.io/
Not Found: /socket.io/
Not Found: /socket.io/
Not Found: /socket.io/
Not Found: /socket.io/
Not Found: /socket.io/
Not Found: /socket.io/
Not Found: /socket.io/
Not Found: /socket.io/
Not Found: /socket.io/
Not Found: /socket.io/
Not Found: /socket.io/
Not Found: /socket.io/
Not Found: /socket.io/
Not Found: /socket.io/
Not Found: /socket.io/
Not Found: /socket.io/
Not Found: /socket.io/
Not Found: /socket.io/
Not Found: /socket.io/
Not Found: /socket.io/
Watching for file changes with StatReloader
Not Found: /socket.io/
Not Found: /socket.io/
Not Found: /socket.io/
Not Found: /socket.io/
Not Found: /socket.io/
Not Found: /socket.io/
Not Found: /socket.io/
Not Found: /socket.io/
Not Found: /static/admin/js/vendor/jquery/jquery.min.js
Not Found: /static/admin/js/vendor/xregexp/xregexp.min.js
Not Found: /static/admin/js/vendor/jquery/jquery.min.js
Not Found: /static/admin/js/vendor/xregexp/xregexp.min.js
Not Found: /socket.io/
Not Found: /static/admin/js/vendor/jquery/jquery.min.js
Not Found: /static/admin/js/vendor/xregexp/xregexp.min.js
Not Found: /socket.io/
Not Found: /socket.io/
Not Found: /socket.io/
Not Found: /socket.io/
Not Found: /socket.io/
Not Found: /socket.io/
Not Found: /socket.io/
Not Found: /socket.io/
Not Found: /socket.io/
Not Found: /socket.io/
Not Found: /socket.io/
Not Found: /socket.io/
Not Found: /socket.io/
Not Found: /socket.io/
Not Found: /socket.io/
Not Found: /socket.io/
Not Found: /socket.io/
Not Found: /socket.io/
Not Found: /socket.io/
Not Found: /socket.io/
Not Found: /socket.io/
Not Found: /socket.io/
C:\Users\Rearms\Desktop\Ecommerce\django\backend\settings.py changed, reloading.
Watching for file changes with StatReloader
Not Found: /socket.io/
Not Found: /socket.io/
Not Found: /socket.io/
Not Found: /socket.io/
Not Found: /socket.io/
Not Found: /socket.io/
Not Found: /socket.io/
Not Found: /socket.io/
Not Found: /socket.io/
Not Found: /socket.io/
Not Found: /socket.io/
Not Found: /socket.io/
Not Found: /socket.io/
Not Found: /socket.io/
Not Found: /socket.io/
Watching for file changes with StatReloader
Not Found: /socket.io/
Not Found: /socket.io/
Not Found: /socket.io/
Not Found: /socket.io/
Not Found: /socket.io/
Not Found: /socket.io/
Not Found: /socket.io/
Not Found: /socket.io/
Not Found: /socket.io/
Not Found: /socket.io/
Not Found: /socket.io/
Not Found: /socket.io/
Not Found: /socket.io/
Not Found: /socket.io/
Not Found: /socket.io/
Not Found: /socket.io/
Not Found: /ws/chat/
Not Found: /socket.io/
Not Found: /socket.io/
Not Found: /socket.io/
Not Found: /socket.io/
Not Found: /socket.io/
Not Found: /socket.io/
Not Found: /socket.io/
Not Found: /socket.io/
Not Found: /socket.io/
Not Found: /socket.io/
Not Found: /socket.io/
Not Found: /socket.io/
Not Found: /socket.io/
Not Found: /socket.io/
Not Found: /socket.io/
Not Found: /socket.io/
Not Found: /socket.io/
Not Found: /socket.io/
Not Found: /socket.io/
Not Found: /socket.io/
Not Found: /socket.io/
Not Found: /static/admin/js/vendor/jquery/jquery.min.js
Not Found: /static/admin/js/vendor/xregexp/xregexp.min.js
Not Found: /socket.io/
Not Found: /socket.io/
Not Found: /socket.io/
Not Found: /socket.io/
Not Found: /socket.io/
Not Found: /socket.io/
Not Found: /socket.io/
Not Found: /socket.io/
Not Found: /socket.io/
Not Found: /socket.io/
Not Found: /socket.io/
Not Found: /static/admin/js/vendor/jquery/jquery.min.js
Not Found: /static/admin/js/vendor/xregexp/xregexp.min.js
Not Found: /static/admin/js/vendor/jquery/jquery.min.js
Not Found: /static/admin/js/vendor/xregexp/xregexp.min.js
Not Found: /static/admin/js/vendor/jquery/jquery.min.js
Not Found: /static/admin/js/vendor/xregexp/xregexp.min.js
Not Found: /static/admin/js/vendor/jquery/jquery.min.js
Not Found: /static/admin/js/vendor/xregexp/xregexp.min.js
Not Found: /socket.io/
Not Found: /socket.io/
Not Found: /socket.io/
Not Found: /socket.io/
Not Found: /socket.io/
Not Found: /socket.io/
Not Found: /socket.io/
Not Found: /socket.io/
Not Found: /socket.io/
Not Found: /socket.io/
Not Found: /socket.io/
Not Found: /socket.io/
Not Found: /socket.io/
Not Found: /socket.io/
Not Found: /socket.io/
Not Found: /socket.io/
Not Found: /socket.io/
Not Found: /socket.io/
Not Found: /socket.io/
Not Found: /socket.io/
Not Found: /socket.io/
Not Found: /socket.io/
Not Found: /socket.io/
Not Found: /socket.io/
Not Found: /socket.io/
Not Found: /socket.io/
Not Found: /socket.io/
Not Found: /socket.io/
Not Found: /socket.io/
Not Found: /socket.io/
Not Found: /socket.io/
Not Found: /socket.io/
Not Found: /socket.io/
Not Found: /socket.io/
Not Found: /socket.io/
Not Found: /socket.io/
Not Found: /socket.io/
Not Found: /socket.io/
Not Found: /socket.io/
Not Found: /socket.io/
Not Found: /socket.io/
Not Found: /socket.io/
Not Found: /socket.io/
Not Found: /socket.io/
Not Found: /socket.io/
Not Found: /socket.io/
Not Found: /socket.io/
Not Found: /socket.io/
Not Found: /socket.io/
Not Found: /socket.io/
Not Found: /socket.io/
Not Found: /socket.io/
Not Found: /socket.io/
Not Found: /socket.io/
Not Found: /socket.io/
Not Found: /socket.io/
Not Found: /socket.io/
Not Found: /socket.io/
Not Found: /socket.io/
Not Found: /socket.io/
Not Found: /socket.io/
Not Found: /socket.io/
Not Found: /socket.io/
Not Found: /socket.io/
Not Found: /socket.io/
Not Found: /socket.io/
Not Found: /socket.io/
Not Found: /socket.io/
Not Found: /socket.io/
Not Found: /socket.io/
Not Found: /socket.io/
Not Found: /socket.io/
Not Found: /socket.io/
Not Found: /socket.io/
Not Found: /socket.io/
Not Found: /socket.io/
Not Found: /socket.io/
Not Found: /socket.io/
Not Found: /socket.io/
Not Found: /socket.io/
Not Found: /socket.io/
Not Found: /socket.io/
Not Found: /socket.io/
Not Found: /socket.io/
Not Found: /socket.io/
Not Found: /socket.io/
Not Found: /socket.io/
Not Found: /socket.io/
Not Found: /socket.io/
Not Found: /socket.io/
Not Found: /socket.io/
Not Found: /socket.io/
Not Found: /socket.io/
Not Found: /socket.io/
Not Found: /socket.io/
Not Found: /socket.io/
Not Found: /socket.io/
Not Found: /socket.io/
Not Found: /socket.io/
Not Found: /socket.io/
Not Found: /socket.io/
Not Found: /socket.io/
Not Found: /socket.io/
Not Found: /socket.io/
Not Found: /socket.io/
Not Found: /socket.io/
Not Found: /socket.io/
Not Found: /socket.io/
Not Found: /socket.io/
Not Found: /socket.io/
Not Found: /socket.io/
Not Found: /socket.io/
Not Found: /socket.io/
Not Found: /socket.io/
Not Found: /socket.io/
Not Found: /socket.io/
Not Found: /socket.io/
Not Found: /socket.io/
Not Found: /socket.io/
Not Found: /socket.io/
Not Found: /socket.io/
Not Found: /socket.io/
Not Found: /socket.io/
Not Found: /socket.io/
Not Found: /socket.io/
Not Found: /socket.io/
Not Found: /socket.io/
Not Found: /socket.io/
Not Found: /socket.io/
Not Found: /socket.io/
Not Found: /socket.io/
Not Found: /socket.io/
Not Found: /socket.io/
Not Found: /socket.io/
Not Found: /socket.io/
Not Found: /socket.io/
Not Found: /socket.io/
Not Found: /socket.io/
Not Found: /socket.io/
Not Found: /socket.io/
Not Found: /socket.io/
Not Found: /socket.io/
Not Found: /socket.io/
Not Found: /socket.io/
Not Found: /socket.io/
Not Found: /socket.io/
Not Found: /socket.io/
Not Found: /socket.io/
Not Found: /socket.io/
Not Found: /socket.io/
Not Found: /socket.io/
Not Found: /socket.io/
Not Found: /socket.io/
Not Found: /socket.io/
Not Found: /socket.io/
Not Found: /socket.io/
Not Found: /socket.io/
Not Found: /socket.io/
Not Found: /socket.io/
Not Found: /socket.io/
Not Found: /socket.io/
Not Found: /socket.io/
Not Found: /socket.io/
Not Found: /socket.io/
Not Found: /socket.io/
Not Found: /socket.io/
Not Found: /socket.io/
Not Found: /socket.io/
Not Found: /socket.io/
Not Found: /socket.io/
Not Found: /socket.io/
Not Found: /socket.io/
Not Found: /socket.io/
Not Found: /socket.io/
Not Found: /socket.io/
Not Found: /socket.io/
Not Found: /socket.io/
Not Found: /socket.io/
Not Found: /socket.io/
Not Found: /socket.io/
Not Found: /socket.io/
Not Found: /socket.io/
Not Found: /socket.io/
Not Found: /socket.io/
Not Found: /socket.io/
Not Found: /socket.io/
Not Found: /socket.io/
Not Found: /socket.io/
Not Found: /socket.io/
Not Found: /socket.io/
Not Found: /socket.io/
Not Found: /socket.io/
Not Found: /socket.io/
Not Found: /socket.io/
Not Found: /socket.io/
Not Found: /socket.io/
Not Found: /socket.io/
Not Found: /socket.io/
Not Found: /socket.io/
Not Found: /socket.io/
Not Found: /socket.io/
Not Found: /socket.io/
Not Found: /socket.io/
Not Found: /socket.io/
Not Found: /socket.io/
Not Found: /socket.io/
Not Found: /socket.io/
Not Found: /socket.io/
Not Found: /socket.io/
Not Found: /socket.io/
Not Found: /socket.io/
Not Found: /socket.io/
Not Found: /socket.io/
Not Found: /socket.io/
Not Found: /socket.io/
Not Found: /socket.io/
Not Found: /socket.io/
Not Found: /socket.io/
Not Found: /socket.io/
Not Found: /socket.io/
Not Found: /socket.io/
Not Found: /socket.io/
Not Found: /socket.io/
Not Found: /socket.io/
Not Found: /socket.io/
Not Found: /socket.io/
Not Found: /socket.io/
Not Found: /socket.io/
Not Found: /socket.io/
Not Found: /socket.io/
Not Found: /socket.io/
Not Found: /socket.io/
Not Found: /socket.io/
Not Found: /socket.io/
Not Found: /socket.io/
Not Found: /socket.io/
Not Found: /socket.io/
Not Found: /socket.io/
Not Found: /socket.io/
Not Found: /socket.io/
Not Found: /socket.io/
Not Found: /socket.io/
Not Found: /socket.io/
Not Found: /socket.io/
Not Found: /socket.io/
Not Found: /socket.io/
Not Found: /socket.io/
Not Found: /socket.io/
Not Found: /socket.io/
Not Found: /socket.io/
Not Found: /socket.io/
Not Found: /socket.io/
Not Found: /socket.io/
Not Found: /socket.io/
Not Found: /socket.io/
Not Found: /socket.io/
Not Found: /socket.io/
Not Found: /socket.io/
Not Found: /socket.io/
Not Found: /socket.io/
Not Found: /socket.io/
Not Found: /socket.io/
Not Found: /socket.io/
Not Found: /socket.io/
Not Found: /socket.io/
Not Found: /socket.io/
Not Found: /socket.io/
Not Found: /socket.io/
Not Found: /socket.io/
Not Found: /socket.io/
Not Found: /socket.io/
Not Found: /socket.io/
Not Found: /socket.io/
Not Found: /socket.io/
Not Found: /socket.io/
Not Found: /socket.io/
Not Found: /socket.io/
Not Found: /socket.io/
Not Found: /socket.io/
Not Found: /socket.io/
Not Found: /socket.io/
Not Found: /socket.io/
Not Found: /socket.io/
Not Found: /socket.io/
Not Found: /socket.io/
Not Found: /socket.io/
Not Found: /socket.io/
Not Found: /socket.io/
Not Found: /socket.io/
Not Found: /socket.io/
Not Found: /socket.io/
Not Found: /socket.io/
Not Found: /socket.io/
Not Found: /socket.io/
Not Found: /socket.io/
Not Found: /socket.io/
Not Found: /socket.io/
Not Found: /socket.io/
Not Found: /socket.io/
Not Found: /socket.io/
Not Found: /socket.io/
Not Found: /socket.io/
Not Found: /socket.io/
Not Found: /socket.io/
Not Found: /socket.io/
Not Found: /socket.io/
Not Found: /socket.io/
Not Found: /socket.io/
Not Found: /socket.io/
Not Found: /socket.io/
Not Found: /socket.io/
Not Found: /socket.io/
Not Found: /socket.io/
Not Found: /socket.io/
Not Found: /socket.io/
Not Found: /socket.io/
Not Found: /socket.io/
Not Found: /socket.io/
Not Found: /socket.io/
Not Found: /socket.io/
Not Found: /socket.io/
Not Found: /socket.io/
Not Found: /socket.io/
Not Found: /socket.io/
Not Found: /socket.io/
Not Found: /socket.io/
Not Found: /socket.io/
Not Found: /socket.io/
Not Found: /socket.io/
Not Found: /socket.io/
Not Found: /socket.io/
Not Found: /socket.io/
Not Found: /socket.io/
Not Found: /socket.io/
Not Found: /socket.io/
Not Found: /socket.io/
Not Found: /socket.io/
Not Found: /socket.io/
Not Found: /socket.io/
Not Found: /socket.io/
Not Found: /socket.io/
Not Found: /socket.io/
Not Found: /socket.io/
Not Found: /socket.io/
Not Found: /socket.io/
Not Found: /socket.io/
Not Found: /socket.io/
Not Found: /socket.io/
Not Found: /socket.io/
Not Found: /socket.io/
Not Found: /socket.io/
Not Found: /socket.io/
Not Found: /socket.io/
Not Found: /socket.io/
Not Found: /socket.io/
Not Found: /socket.io/
Not Found: /socket.io/
Not Found: /socket.io/
Not Found: /socket.io/
Not Found: /socket.io/
Not Found: /socket.io/
Not Found: /socket.io/
Not Found: /socket.io/
Not Found: /socket.io/
Not Found: /socket.io/
Not Found: /socket.io/
Not Found: /socket.io/
Not Found: /socket.io/
Not Found: /socket.io/
Not Found: /socket.io/
Not Found: /socket.io/
Not Found: /socket.io/
Not Found: /socket.io/
Not Found: /socket.io/
Not Found: /socket.io/
Not Found: /socket.io/
Not Found: /socket.io/
Not Found: /socket.io/
Not Found: /socket.io/
Not Found: /socket.io/
Not Found: /socket.io/
Not Found: /socket.io/
Not Found: /socket.io/
Not Found: /socket.io/
Not Found: /socket.io/
Not Found: /socket.io/
Not Found: /socket.io/
Not Found: /socket.io/
Not Found: /socket.io/
Not Found: /socket.io/
Not Found: /socket.io/
Not Found: /socket.io/
Not Found: /socket.io/
Not Found: /socket.io/
Not Found: /socket.io/
Not Found: /socket.io/
Not Found: /socket.io/
Not Found: /socket.io/
Not Found: /socket.io/
Not Found: /socket.io/
Not Found: /socket.io/
Not Found: /socket.io/
Not Found: /socket.io/
Not Found: /socket.io/
Not Found: /socket.io/
Not Found: /socket.io/
Not Found: /socket.io/
Not Found: /socket.io/
Not Found: /socket.io/
Not Found: /socket.io/
Not Found: /socket.io/
Not Found: /socket.io/
Not Found: /socket.io/
Not Found: /socket.io/
Not Found: /socket.io/
Not Found: /socket.io/
Not Found: /socket.io/
Not Found: /socket.io/
Not Found: /socket.io/
Not Found: /socket.io/
Not Found: /socket.io/
Not Found: /socket.io/
Not Found: /socket.io/
Not Found: /socket.io/
Not Found: /socket.io/
Not Found: /socket.io/
Not Found: /socket.io/
Not Found: /socket.io/
Not Found: /socket.io/
Not Found: /socket.io/
Not Found: /socket.io/
Not Found: /socket.io/
Not Found: /socket.io/
Not Found: /socket.io/
Not Found: /socket.io/
Not Found: /socket.io/
Not Found: /socket.io/
Not Found: /socket.io/
Not Found: /socket.io/
Not Found: /socket.io/
Not Found: /socket.io/
Not Found: /socket.io/
Not Found: /socket.io/
Not Found: /socket.io/
Not Found: /socket.io/
Not Found: /socket.io/
Not Found: /socket.io/
Not Found: /socket.io/
Not Found: /socket.io/
Not Found: /socket.io/
Not Found: /socket.io/
Not Found: /socket.io/
Not Found: /socket.io/
Not Found: /socket.io/
Not Found: /socket.io/
Not Found: /socket.io/
Not Found: /socket.io/
Not Found: /socket.io/
Not Found: /socket.io/
Not Found: /socket.io/
Not Found: /socket.io/
Not Found: /socket.io/
Not Found: /socket.io/
Not Found: /socket.io/
Not Found: /socket.io/
Not Found: /socket.io/
Not Found: /socket.io/
Not Found: /socket.io/
Not Found: /socket.io/
Not Found: /socket.io/
Not Found: /socket.io/
Not Found: /socket.io/
Not Found: /static/admin/js/vendor/jquery/jquery.min.js
Not Found: /static/admin/js/vendor/xregexp/xregexp.min.js
Not Found: /socket.io/
Not Found: /socket.io/
Not Found: /socket.io/
Not Found: /socket.io/
Not Found: /socket.io/
Not Found: /socket.io/
Not Found: /socket.io/
Not Found: /socket.io/
Not Found: /socket.io/
Not Found: /socket.io/
Not Found: /socket.io/
Not Found: /socket.io/
Not Found: /socket.io/
Not Found: /socket.io/
Not Found: /socket.io/
Not Found: /socket.io/
Not Found: /socket.io/
Not Found: /socket.io/
Not Found: /socket.io/
Not Found: /socket.io/
Not Found: /socket.io/
Not Found: /socket.io/
Not Found: /socket.io/
Not Found: /socket.io/
Not Found: /socket.io/
Not Found: /socket.io/
Not Found: /socket.io/
Not Found: /socket.io/
Not Found: /socket.io/
Not Found: /socket.io/
Not Found: /socket.io/
Not Found: /socket.io/
Not Found: /socket.io/
Not Found: /socket.io/
Not Found: /socket.io/
Not Found: /socket.io/
Not Found: /socket.io/
Not Found: /socket.io/
Not Found: /socket.io/
Not Found: /socket.io/
Not Found: /socket.io/
Not Found: /socket.io/
Not Found: /socket.io/
Not Found: /socket.io/
Not Found: /socket.io/
Not Found: /socket.io/
C:\Users\Rearms\Desktop\Ecommerce\django\backend\settings.py changed, reloading.
Watching for file changes with StatReloader
Not Found: /socket.io/
Not Found: /socket.io/
Not Found: /socket.io/
Not Found: /socket.io/
Not Found: /socket.io/
Not Found: /socket.io/
Not Found: /socket.io/
Not Found: /socket.io/
Not Found: /socket.io/
Not Found: /socket.io/
Not Found: /socket.io/
Not Found: /socket.io/
Not Found: /socket.io/
Not Found: /socket.io/
Not Found: /socket.io/
Not Found: /socket.io/
Not Found: /socket.io/
Not Found: /socket.io/
Not Found: /socket.io/
Not Found: /socket.io/
Not Found: /socket.io/
Not Found: /socket.io/
Not Found: /socket.io/
Not Found: /socket.io/
Not Found: /socket.io/
Not Found: /socket.io/
Not Found: /socket.io/
Not Found: /socket.io/
Not Found: /socket.io/
Not Found: /socket.io/
Not Found: /socket.io/
Not Found: /socket.io/
Not Found: /socket.io/
Not Found: /socket.io/
Not Found: /socket.io/
Not Found: /socket.io/
Not Found: /socket.io/
Not Found: /socket.io/
Not Found: /socket.io/
Not Found: /socket.io/
Not Found: /socket.io/
Not Found: /socket.io/
Not Found: /socket.io/
Not Found: /socket.io/
Not Found: /socket.io/
Not Found: /socket.io/
Not Found: /socket.io/
Not Found: /socket.io/
Not Found: /socket.io/
Not Found: /socket.io/
Not Found: /socket.io/
Not Found: /socket.io/
Not Found: /socket.io/
Not Found: /socket.io/
Not Found: /socket.io/
Not Found: /socket.io/
Not Found: /socket.io/
Not Found: /socket.io/
Not Found: /socket.io/
Not Found: /socket.io/
Not Found: /socket.io/
Not Found: /socket.io/
Not Found: /socket.io/
Not Found: /socket.io/
Not Found: /socket.io/
Not Found: /socket.io/
Not Found: /socket.io/
Not Found: /socket.io/
Not Found: /socket.io/
Not Found: /socket.io/
Not Found: /socket.io/
Not Found: /socket.io/
Not Found: /socket.io/
Not Found: /
Not Found: /favicon.ico
Not Found: /socket.io/
Not Found: /socket.io/
Not Found: /
Not Found: /socket.io/
Not Found: /socket.io/
Not Found: /socket.io/
Not Found: /socket.io/
Not Found: /socket.io/
Not Found: /socket.io/
Not Found: /socket.io/
Not Found: /socket.io/
Not Found: /socket.io/
Not Found: /socket.io/
Not Found: /socket.io/
Not Found: /socket.io/
Not Found: /socket.io/
Not Found: /socket.io/
Not Found: /socket.io/
Not Found: /socket.io/
Not Found: /socket.io/
Not Found: /socket.io/
Not Found: /socket.io/
Not Found: /socket.io/
Not Found: /socket.io/
Not Found: /socket.io/
Not Found: /socket.io/
Not Found: /socket.io/
Not Found: /socket.io/
Not Found: /socket.io/
Not Found: /socket.io/
Not Found: /socket.io/
Not Found: /socket.io/
Not Found: /socket.io/
Not Found: /socket.io/
Not Found: /socket.io/
Not Found: /socket.io/
Not Found: /socket.io/
Not Found: /socket.io/
Not Found: /socket.io/
Not Found: /socket.io/
Not Found: /socket.io/
Not Found: /socket.io/
Not Found: /socket.io/
Not Found: /socket.io/
Not Found: /socket.io/
Not Found: /socket.io/
Not Found: /socket.io/
Not Found: /socket.io/
Not Found: /socket.io/
Not Found: /socket.io/
Not Found: /socket.io/
Not Found: /socket.io/
Not Found: /socket.io/
Not Found: /socket.io/
Not Found: /socket.io/
Not Found: /socket.io/
Not Found: /socket.io/
Not Found: /socket.io/
Not Found: /socket.io/
Not Found: /socket.io/
Not Found: /socket.io/
Not Found: /socket.io/
Not Found: /socket.io/
Not Found: /socket.io/
Not Found: /socket.io/
Not Found: /socket.io/
Not Found: /socket.io/
Not Found: /socket.io/
Not Found: /socket.io/
Not Found: /socket.io/
Not Found: /socket.io/
Not Found: /socket.io/
Not Found: /socket.io/
Not Found: /socket.io/
Not Found: /socket.io/
Not Found: /socket.io/
Not Found: /socket.io/
Not Found: /socket.io/
Not Found: /socket.io/
Not Found: /socket.io/
Not Found: /socket.io/
Not Found: /socket.io/
Not Found: /socket.io/
Not Found: /socket.io/
Not Found: /socket.io/
Not Found: /socket.io/
Not Found: /socket.io/
Not Found: /socket.io/
Not Found: /socket.io/
Not Found: /socket.io/
Not Found: /socket.io/
Not Found: /socket.io/
Not Found: /socket.io/
Not Found: /socket.io/
Not Found: /socket.io/
Not Found: /socket.io/
Not Found: /socket.io/
Not Found: /socket.io/
Not Found: /socket.io/
Not Found: /socket.io/
Not Found: /socket.io/
Not Found: /socket.io/
Not Found: /socket.io/
Not Found: /socket.io/
Not Found: /socket.io/
Not Found: /socket.io/
Not Found: /socket.io/
Not Found: /socket.io/
Not Found: /socket.io/
Not Found: /socket.io/
Not Found: /socket.io/
Not Found: /socket.io/
Not Found: /socket.io/
Not Found: /socket.io/
Not Found: /socket.io/
Not Found: /socket.io/
Not Found: /socket.io/
Not Found: /socket.io/
Not Found: /socket.io/
Not Found: /socket.io/
Not Found: /socket.io/
Not Found: /socket.io/
Not Found: /socket.io/
Not Found: /socket.io/
Not Found: /socket.io/
Not Found: /socket.io/
Not Found: /socket.io/
Not Found: /socket.io/
Not Found: /socket.io/
Not Found: /socket.io/
Not Found: /socket.io/
Not Found: /socket.io/
Not Found: /socket.io/
Not Found: /socket.io/
Not Found: /socket.io/
Not Found: /socket.io/
Not Found: /socket.io/
Not Found: /socket.io/
Not Found: /socket.io/
Not Found: /socket.io/
Not Found: /socket.io/
Not Found: /socket.io/
Not Found: /socket.io/
Not Found: /socket.io/
Not Found: /socket.io/
Not Found: /socket.io/
Not Found: /socket.io/
Not Found: /socket.io/
Not Found: /socket.io/
Not Found: /socket.io/
Not Found: /socket.io/
Not Found: /socket.io/
Not Found: /socket.io/
Not Found: /socket.io/
Not Found: /socket.io/
Not Found: /socket.io/
Not Found: /socket.io/
Not Found: /socket.io/
Not Found: /socket.io/
Not Found: /socket.io/
Not Found: /socket.io/
Not Found: /socket.io/
Not Found: /socket.io/
Not Found: /socket.io/
Not Found: /socket.io/
Not Found: /socket.io/
Not Found: /socket.io/
Not Found: /socket.io/
Not Found: /socket.io/
Not Found: /socket.io/
Not Found: /socket.io/
Not Found: /socket.io/
Not Found: /socket.io/
Not Found: /socket.io/
Not Found: /socket.io/
Not Found: /socket.io/
Not Found: /socket.io/
Not Found: /socket.io/
Not Found: /socket.io/
Not Found: /socket.io/
Not Found: /socket.io/
Not Found: /socket.io/
Not Found: /socket.io/
Not Found: /socket.io/
Not Found: /socket.io/
Not Found: /socket.io/
Not Found: /socket.io/
Not Found: /socket.io/
Not Found: /socket.io/
Not Found: /socket.io/
Not Found: /socket.io/
Not Found: /socket.io/
Not Found: /socket.io/
Not Found: /socket.io/
Not Found: /socket.io/
Not Found: /socket.io/
Not Found: /socket.io/
Not Found: /socket.io/
Not Found: /socket.io/
Not Found: /socket.io/
Not Found: /socket.io/
Not Found: /socket.io/
Not Found: /socket.io/
Not Found: /socket.io/
Not Found: /socket.io/
Not Found: /socket.io/
Not Found: /socket.io/
Not Found: /socket.io/
Not Found: /socket.io/
Not Found: /socket.io/
Not Found: /socket.io/
Not Found: /socket.io/
Not Found: /socket.io/
Not Found: /socket.io/
Not Found: /socket.io/
Not Found: /socket.io/
C:\Users\Rearms\Desktop\Ecommerce\django\backend\settings.py changed, reloading.
Watching for file changes with StatReloader
Not Found: /socket.io/
Not Found: /socket.io/
Not Found: /socket.io/
Not Found: /socket.io/
Not Found: /socket.io/
Not Found: /socket.io/
Not Found: /socket.io/
Not Found: /socket.io/
Not Found: /socket.io/
Watching for file changes with StatReloader
Watching for file changes with StatReloader
C:\Users\Rearms\Desktop\Ecommerce\django\WebApi\models.py changed, reloading.
Watching for file changes with StatReloader
C:\Users\Rearms\Desktop\Ecommerce\django\WebApi\serializers.py changed, reloading.
Watching for file changes with StatReloader
Not Found: /static/admin/js/vendor/jquery/jquery.min.js
Not Found: /static/admin/js/vendor/xregexp/xregexp.min.js
Not Found: /static/admin/img/search.svg
Not Found: /static/admin/img/sorting-icons.svg
Not Found: /static/admin/js/vendor/jquery/jquery.min.js
Not Found: /static/admin/js/vendor/xregexp/xregexp.min.js
C:\Users\Rearms\Desktop\Ecommerce\django\WebApi\models.py changed, reloading.
Watching for file changes with StatReloader
C:\Users\Rearms\Desktop\Ecommerce\django\WebApi\models.py changed, reloading.
Watching for file changes with StatReloader
C:\Users\Rearms\Desktop\Ecommerce\django\WebApi\views.py changed, reloading.
Watching for file changes with StatReloader
C:\Users\Rearms\Desktop\Ecommerce\django\WebApi\views.py changed, reloading.
Watching for file changes with StatReloader
C:\Users\Rearms\Desktop\Ecommerce\django\WebApi\views.py changed, reloading.
Watching for file changes with StatReloader
C:\Users\Rearms\Desktop\Ecommerce\django\WebApi\views.py changed, reloading.
Watching for file changes with StatReloader
C:\Users\Rearms\Desktop\Ecommerce\django\WebApi\urls.py changed, reloading.
Watching for file changes with StatReloader
Not Found: /api/orders/post/
C:\Users\Rearms\Desktop\Ecommerce\django\WebApi\views.py changed, reloading.
Watching for file changes with StatReloader
Not Found: /api/orders/post/
C:\Users\Rearms\Desktop\Ecommerce\django\WebApi\views.py changed, reloading.
Watching for file changes with StatReloader
Not Found: /api/orders/post/
C:\Users\Rearms\Desktop\Ecommerce\django\WebApi\urls.py changed, reloading.
Watching for file changes with StatReloader
Not Found: /static/admin/js/vendor/jquery/jquery.min.js
Not Found: /static/admin/js/vendor/xregexp/xregexp.min.js
Not Found: /static/admin/js/vendor/jquery/jquery.min.js
Not Found: /static/admin/js/vendor/xregexp/xregexp.min.js
Not Found: /static/admin/js/vendor/jquery/jquery.min.js
Not Found: /static/admin/js/vendor/xregexp/xregexp.min.js
Not Found: /static/admin/js/vendor/jquery/jquery.min.js
Not Found: /static/admin/js/vendor/xregexp/xregexp.min.js
Not Found: /static/admin/js/vendor/jquery/jquery.min.js
Not Found: /static/admin/js/vendor/xregexp/xregexp.min.js
Not Found: /static/admin/js/vendor/jquery/jquery.min.js
Not Found: /static/admin/js/vendor/xregexp/xregexp.min.js
C:\Users\Rearms\Desktop\Ecommerce\django\WebApi\serializers.py changed, reloading.
Watching for file changes with StatReloader
Internal Server Error: /api/orders/post/
Traceback (most recent call last):
  File "C:\Users\Rearms\AppData\Local\Programs\Python\Python311\Lib\site-packages\django\core\handlers\exception.py", line 55, in inner
    response = get_response(request)
               ^^^^^^^^^^^^^^^^^^^^^
  File "C:\Users\Rearms\AppData\Local\Programs\Python\Python311\Lib\site-packages\django\core\handlers\base.py", line 197, in _get_response
    response = wrapped_callback(request, *callback_args, **callback_kwargs)
               ^^^^^^^^^^^^^^^^^^^^^^^^^^^^^^^^^^^^^^^^^^^^^^^^^^^^^^^^^^^^
  File "C:\Users\Rearms\AppData\Local\Programs\Python\Python311\Lib\site-packages\django\views\decorators\csrf.py", line 56, in wrapper_view
    return view_func(*args, **kwargs)
           ^^^^^^^^^^^^^^^^^^^^^^^^^^
  File "C:\Users\Rearms\AppData\Local\Programs\Python\Python311\Lib\site-packages\django\views\generic\base.py", line 104, in view
    return self.dispatch(request, *args, **kwargs)
           ^^^^^^^^^^^^^^^^^^^^^^^^^^^^^^^^^^^^^^^
  File "C:\Users\Rearms\AppData\Local\Programs\Python\Python311\Lib\site-packages\rest_framework\views.py", line 509, in dispatch
    response = self.handle_exception(exc)
               ^^^^^^^^^^^^^^^^^^^^^^^^^^
  File "C:\Users\Rearms\AppData\Local\Programs\Python\Python311\Lib\site-packages\rest_framework\views.py", line 469, in handle_exception
    self.raise_uncaught_exception(exc)
  File "C:\Users\Rearms\AppData\Local\Programs\Python\Python311\Lib\site-packages\rest_framework\views.py", line 480, in raise_uncaught_exception
    raise exc
  File "C:\Users\Rearms\AppData\Local\Programs\Python\Python311\Lib\site-packages\rest_framework\views.py", line 506, in dispatch
    response = handler(request, *args, **kwargs)
               ^^^^^^^^^^^^^^^^^^^^^^^^^^^^^^^^^
  File "C:\Users\Rearms\Desktop\Ecommerce\django\WebApi\views.py", line 40, in post
    product_id = product_data['product']
                ~~~~~~~~~~~~^^^^^^^^^^^
KeyError: 'product'
Internal Server Error: /api/orders/post/
Traceback (most recent call last):
  File "C:\Users\Rearms\AppData\Local\Programs\Python\Python311\Lib\site-packages\django\core\handlers\exception.py", line 55, in inner
    response = get_response(request)
               ^^^^^^^^^^^^^^^^^^^^^
  File "C:\Users\Rearms\AppData\Local\Programs\Python\Python311\Lib\site-packages\django\core\handlers\base.py", line 197, in _get_response
    response = wrapped_callback(request, *callback_args, **callback_kwargs)
               ^^^^^^^^^^^^^^^^^^^^^^^^^^^^^^^^^^^^^^^^^^^^^^^^^^^^^^^^^^^^
  File "C:\Users\Rearms\AppData\Local\Programs\Python\Python311\Lib\site-packages\django\views\decorators\csrf.py", line 56, in wrapper_view
    return view_func(*args, **kwargs)
           ^^^^^^^^^^^^^^^^^^^^^^^^^^
  File "C:\Users\Rearms\AppData\Local\Programs\Python\Python311\Lib\site-packages\django\views\generic\base.py", line 104, in view
    return self.dispatch(request, *args, **kwargs)
           ^^^^^^^^^^^^^^^^^^^^^^^^^^^^^^^^^^^^^^^
  File "C:\Users\Rearms\AppData\Local\Programs\Python\Python311\Lib\site-packages\rest_framework\views.py", line 509, in dispatch
    response = self.handle_exception(exc)
               ^^^^^^^^^^^^^^^^^^^^^^^^^^
  File "C:\Users\Rearms\AppData\Local\Programs\Python\Python311\Lib\site-packages\rest_framework\views.py", line 469, in handle_exception
    self.raise_uncaught_exception(exc)
  File "C:\Users\Rearms\AppData\Local\Programs\Python\Python311\Lib\site-packages\rest_framework\views.py", line 480, in raise_uncaught_exception
    raise exc
  File "C:\Users\Rearms\AppData\Local\Programs\Python\Python311\Lib\site-packages\rest_framework\views.py", line 506, in dispatch
    response = handler(request, *args, **kwargs)
               ^^^^^^^^^^^^^^^^^^^^^^^^^^^^^^^^^
  File "C:\Users\Rearms\Desktop\Ecommerce\django\WebApi\views.py", line 40, in post
    product_id = product_data['product']
                ~~~~~~~~~~~~^^^^^^^^^^^
KeyError: 'product'
Internal Server Error: /api/orders/post/
Traceback (most recent call last):
  File "C:\Users\Rearms\AppData\Local\Programs\Python\Python311\Lib\site-packages\django\core\handlers\exception.py", line 55, in inner
    response = get_response(request)
               ^^^^^^^^^^^^^^^^^^^^^
  File "C:\Users\Rearms\AppData\Local\Programs\Python\Python311\Lib\site-packages\django\core\handlers\base.py", line 197, in _get_response
    response = wrapped_callback(request, *callback_args, **callback_kwargs)
               ^^^^^^^^^^^^^^^^^^^^^^^^^^^^^^^^^^^^^^^^^^^^^^^^^^^^^^^^^^^^
  File "C:\Users\Rearms\AppData\Local\Programs\Python\Python311\Lib\site-packages\django\views\decorators\csrf.py", line 56, in wrapper_view
    return view_func(*args, **kwargs)
           ^^^^^^^^^^^^^^^^^^^^^^^^^^
  File "C:\Users\Rearms\AppData\Local\Programs\Python\Python311\Lib\site-packages\django\views\generic\base.py", line 104, in view
    return self.dispatch(request, *args, **kwargs)
           ^^^^^^^^^^^^^^^^^^^^^^^^^^^^^^^^^^^^^^^
  File "C:\Users\Rearms\AppData\Local\Programs\Python\Python311\Lib\site-packages\rest_framework\views.py", line 509, in dispatch
    response = self.handle_exception(exc)
               ^^^^^^^^^^^^^^^^^^^^^^^^^^
  File "C:\Users\Rearms\AppData\Local\Programs\Python\Python311\Lib\site-packages\rest_framework\views.py", line 469, in handle_exception
    self.raise_uncaught_exception(exc)
  File "C:\Users\Rearms\AppData\Local\Programs\Python\Python311\Lib\site-packages\rest_framework\views.py", line 480, in raise_uncaught_exception
    raise exc
  File "C:\Users\Rearms\AppData\Local\Programs\Python\Python311\Lib\site-packages\rest_framework\views.py", line 506, in dispatch
    response = handler(request, *args, **kwargs)
               ^^^^^^^^^^^^^^^^^^^^^^^^^^^^^^^^^
  File "C:\Users\Rearms\Desktop\Ecommerce\django\WebApi\views.py", line 40, in post
    product_id = product_data['product']
                ~~~~~~~~~~~~^^^^^^^^^^^
KeyError: 'product'
C:\Users\Rearms\Desktop\Ecommerce\django\WebApi\views.py changed, reloading.
Watching for file changes with StatReloader
Not Found: /static/admin/js/vendor/jquery/jquery.min.js
Not Found: /static/admin/js/vendor/xregexp/xregexp.min.js
Not Found: /static/admin/js/vendor/jquery/jquery.min.js
Not Found: /static/admin/js/vendor/xregexp/xregexp.min.js
Not Found: /static/admin/js/vendor/jquery/jquery.min.js
Not Found: /static/admin/js/vendor/xregexp/xregexp.min.js
Not Found: /static/admin/js/vendor/jquery/jquery.min.js
Not Found: /static/admin/js/vendor/xregexp/xregexp.min.js
Not Found: /static/admin/js/vendor/jquery/jquery.min.js
Not Found: /static/admin/js/vendor/xregexp/xregexp.min.js
Not Found: /static/admin/js/vendor/jquery/jquery.min.js
Not Found: /static/admin/js/vendor/xregexp/xregexp.min.js
Not Found: /static/admin/js/vendor/jquery/jquery.min.js
Not Found: /static/admin/js/vendor/xregexp/xregexp.min.js
Not Found: /static/admin/js/vendor/jquery/jquery.min.js
Not Found: /static/admin/js/vendor/xregexp/xregexp.min.js
Not Found: /static/admin/js/vendor/jquery/jquery.min.js
Not Found: /static/admin/js/vendor/xregexp/xregexp.min.js
Not Found: /static/admin/js/vendor/jquery/jquery.min.js
Not Found: /static/admin/js/vendor/xregexp/xregexp.min.js
C:\Users\Rearms\Desktop\Ecommerce\django\WebApi\views.py changed, reloading.
Watching for file changes with StatReloader
Not Found: /static/admin/js/vendor/jquery/jquery.min.js
Not Found: /static/admin/js/vendor/xregexp/xregexp.min.js
Not Found: /static/admin/js/vendor/jquery/jquery.min.js
Not Found: /static/admin/js/vendor/xregexp/xregexp.min.js
Not Found: /static/admin/js/vendor/jquery/jquery.min.js
Not Found: /static/admin/js/vendor/xregexp/xregexp.min.js
Not Found: /static/admin/js/vendor/jquery/jquery.min.js
Not Found: /static/admin/js/vendor/xregexp/xregexp.min.js
Not Found: /static/admin/js/vendor/jquery/jquery.min.js
Not Found: /static/admin/js/vendor/xregexp/xregexp.min.js
Not Found: /static/admin/js/vendor/jquery/jquery.min.js
Not Found: /static/admin/js/vendor/xregexp/xregexp.min.js
Not Found: /static/admin/js/vendor/jquery/jquery.min.js
Not Found: /static/admin/js/vendor/xregexp/xregexp.min.js
Not Found: /static/admin/js/vendor/jquery/jquery.min.js
Not Found: /static/admin/js/vendor/xregexp/xregexp.min.js
Not Found: /static/admin/js/vendor/jquery/jquery.min.js
Not Found: /static/admin/js/vendor/xregexp/xregexp.min.js
Not Found: /static/admin/js/vendor/jquery/jquery.min.js
Not Found: /static/admin/js/vendor/xregexp/xregexp.min.js
Not Found: /static/admin/js/vendor/jquery/jquery.min.js
Not Found: /static/admin/js/vendor/xregexp/xregexp.min.js
Not Found: /static/admin/js/vendor/jquery/jquery.min.js
Not Found: /static/admin/js/vendor/xregexp/xregexp.min.js
Not Found: /static/admin/js/vendor/jquery/jquery.min.js
Not Found: /static/admin/js/vendor/xregexp/xregexp.min.js
Not Found: /static/admin/js/vendor/jquery/jquery.min.js
Not Found: /static/admin/js/vendor/xregexp/xregexp.min.js
Watching for file changes with StatReloader
Watching for file changes with StatReloader
C:\Users\Rearms\Desktop\Ecommerce\django\WebApi\serializers.py changed, reloading.
Watching for file changes with StatReloader
C:\Users\Rearms\Desktop\Ecommerce\django\WebApi\models.py changed, reloading.
Watching for file changes with StatReloader
C:\Users\Rearms\Desktop\Ecommerce\django\WebApi\models.py changed, reloading.
Watching for file changes with StatReloader
C:\Users\Rearms\Desktop\Ecommerce\django\backend\settings.py changed, reloading.
Watching for file changes with StatReloader
Watching for file changes with StatReloader
Watching for file changes with StatReloader
Watching for file changes with StatReloader
Watching for file changes with StatReloader
Not Found: /
Not Found: /favicon.ico
Not Found: /static/admin/css/base.css
Not Found: /static/admin/css/dark_mode.css
Not Found: /static/admin/css/nav_sidebar.css
Not Found: /static/admin/css/login.css
Not Found: /static/admin/css/responsive.css
Not Found: /static/admin/js/theme.js
Not Found: /static/admin/js/nav_sidebar.js
Watching for file changes with StatReloader
Not Found: /
Not Found: /static/admin/css/base.css
Not Found: /static/admin/css/dark_mode.css
Not Found: /static/admin/css/nav_sidebar.css
Not Found: /static/admin/css/login.css
Not Found: /static/admin/css/responsive.css
Not Found: /static/admin/js/theme.js
Not Found: /static/admin/js/nav_sidebar.js
Not Found: /static/admin/css/base.css
Not Found: /static/admin/css/nav_sidebar.css
Not Found: /static/admin/css/login.css
Not Found: /static/admin/css/responsive.css
Not Found: /static/admin/css/dark_mode.css
Not Found: /static/admin/js/theme.js
Not Found: /static/admin/js/nav_sidebar.js
Not Found: /static/admin/css/base.css
Not Found: /static/admin/css/nav_sidebar.css
Not Found: /static/admin/css/responsive.css
Not Found: /static/admin/css/login.css
Not Found: /static/admin/css/dark_mode.css
Not Found: /static/admin/js/theme.js
Not Found: /static/admin/js/nav_sidebar.js
Not Found: /static/admin/css/base.css
Not Found: /static/admin/css/login.css
Not Found: /static/admin/css/dark_mode.css
Not Found: /static/admin/css/responsive.css
Not Found: /static/admin/css/nav_sidebar.css
Not Found: /static/admin/js/theme.js
Not Found: /static/admin/js/nav_sidebar.js
Not Found: /static/admin/css/base.css
Not Found: /static/admin/css/dark_mode.css
Not Found: /static/admin/css/nav_sidebar.css
Not Found: /static/admin/css/login.css
Not Found: /static/admin/css/responsive.css
Not Found: /static/admin/js/theme.js
Not Found: /static/admin/js/nav_sidebar.js
Not Found: /static/admin/css/base.css
Not Found: /static/admin/css/dark_mode.css
Not Found: /static/admin/css/nav_sidebar.css
Not Found: /static/admin/css/login.css
Not Found: /static/admin/css/responsive.css
Not Found: /static/admin/js/theme.js
Not Found: /static/admin/js/nav_sidebar.js
Not Found: /static/admin/css/base.css
Not Found: /static/admin/css/dark_mode.css
Not Found: /static/admin/css/nav_sidebar.css
Not Found: /static/admin/css/login.css
Not Found: /static/admin/css/responsive.css
Not Found: /static/admin/js/theme.js
Not Found: /static/admin/js/nav_sidebar.js
Not Found: /static/admin/css/base.css
Not Found: /static/admin/css/dark_mode.css
Not Found: /static/admin/css/nav_sidebar.css
Not Found: /static/admin/css/login.css
Not Found: /static/admin/css/responsive.css
Not Found: /static/admin/js/theme.js
Not Found: /static/admin/js/nav_sidebar.js
Not Found: /static/admin/css/base.css
Not Found: /static/admin/css/login.css
Not Found: /static/admin/css/dark_mode.css
Not Found: /static/admin/css/nav_sidebar.css
Not Found: /static/admin/css/responsive.css
Not Found: /static/admin/js/theme.js
Not Found: /static/admin/js/nav_sidebar.js
Not Found: /static/admin/css/base.css
Not Found: /static/admin/css/dark_mode.css
Not Found: /static/admin/css/nav_sidebar.css
Not Found: /static/admin/css/login.css
Not Found: /static/admin/css/responsive.css
Not Found: /static/admin/js/theme.js
Not Found: /static/admin/js/nav_sidebar.js
Not Found: /static/admin/css/base.css
Not Found: /static/admin/css/dark_mode.css
Not Found: /static/admin/css/nav_sidebar.css
Not Found: /static/admin/css/login.css
Not Found: /static/admin/css/responsive.css
C:\Users\Rearms\Desktop\Web\Ecommerce\django\backend\settings.py changed, reloading.
Watching for file changes with StatReloader
C:\Users\Rearms\Desktop\Web\Ecommerce\django\backend\settings.py changed, reloading.
Watching for file changes with StatReloader
Bad Request: /api/orders/post/
Bad Request: /api/orders/post/
Bad Request: /api/orders/post/
Bad Request: /api/orders/post/
Bad Request: /api/orders/post/
Bad Request: /api/orders/post/
Bad Request: /api/orders/post/
Bad Request: /api/orders/post/
Watching for file changes with StatReloader
Bad Request: /api/orders/post/
Watching for file changes with StatReloader
Not Found: /favicon.ico
Not Found: /
C:\Users\Rearms\Desktop\Web\Ecommerce\django\WebApi\models.py changed, reloading.
Watching for file changes with StatReloader
C:\Users\Rearms\Desktop\Web\Ecommerce\django\WebApi\models.py changed, reloading.
Watching for file changes with StatReloader
Not Found: /https:/cdn.leonardo.ai/users/9c5c81ee-0af6-45d2-a406-940450d62697/generations/fa323540-75a5-4e72-b957-2ec6a1e5bdf1/DreamShaper_v7_watch_modern_wallpaper_product_full_screened_wr_0.jpg
C:\Users\Rearms\Desktop\Web\Ecommerce\django\WebApi\views.py changed, reloading.
Watching for file changes with StatReloader
Watching for file changes with StatReloader
Importing BlpImagePlugin
Importing BmpImagePlugin
Importing BufrStubImagePlugin
Importing CurImagePlugin
Importing DcxImagePlugin
Importing DdsImagePlugin
Importing EpsImagePlugin
Importing FitsImagePlugin
Importing FliImagePlugin
Importing FpxImagePlugin
Image: failed to import FpxImagePlugin: No module named 'olefile'
Importing FtexImagePlugin
Importing GbrImagePlugin
Importing GifImagePlugin
Importing GribStubImagePlugin
Importing Hdf5StubImagePlugin
Importing IcnsImagePlugin
Importing IcoImagePlugin
Importing ImImagePlugin
Importing ImtImagePlugin
Importing IptcImagePlugin
Importing JpegImagePlugin
Importing Jpeg2KImagePlugin
Importing McIdasImagePlugin
Importing MicImagePlugin
Image: failed to import MicImagePlugin: No module named 'olefile'
Importing MpegImagePlugin
Importing MpoImagePlugin
Importing MspImagePlugin
Importing PalmImagePlugin
Importing PcdImagePlugin
Importing PcxImagePlugin
Importing PdfImagePlugin
Importing PixarImagePlugin
Importing PngImagePlugin
Importing PpmImagePlugin
Importing PsdImagePlugin
Importing QoiImagePlugin
Importing SgiImagePlugin
Importing SpiderImagePlugin
Importing SunImagePlugin
Importing TgaImagePlugin
Importing TiffImagePlugin
Importing WebPImagePlugin
Importing WmfImagePlugin
Importing XbmImagePlugin
Importing XpmImagePlugin
Importing XVThumbImagePlugin
Not Found: /product_images/DreamShaper_v7_illustration_of_cricket_sports_kit_bat_and_ball_0_4.jpg
C:\Users\Rearms\Desktop\Web\Ecommerce\django\WebApi\views.py changed, reloading.
Watching for file changes with StatReloader
C:\Users\Rearms\Desktop\Web\Ecommerce\django\WebApi\urls.py changed, reloading.
Watching for file changes with StatReloader
Not Found: /api/api/postproducts/
STREAM b'IHDR' 16 13
STREAM b'IDAT' 41 32768
Importing BlpImagePlugin
Importing BmpImagePlugin
Importing BufrStubImagePlugin
Importing CurImagePlugin
Importing DcxImagePlugin
Importing DdsImagePlugin
Importing EpsImagePlugin
Importing FitsImagePlugin
Importing FliImagePlugin
Importing FpxImagePlugin
Image: failed to import FpxImagePlugin: No module named 'olefile'
Importing FtexImagePlugin
Importing GbrImagePlugin
Importing GifImagePlugin
Importing GribStubImagePlugin
Importing Hdf5StubImagePlugin
Importing IcnsImagePlugin
Importing IcoImagePlugin
Importing ImImagePlugin
Importing ImtImagePlugin
Importing IptcImagePlugin
Importing JpegImagePlugin
Importing Jpeg2KImagePlugin
Importing McIdasImagePlugin
Importing MicImagePlugin
Image: failed to import MicImagePlugin: No module named 'olefile'
Importing MpegImagePlugin
Importing MpoImagePlugin
Importing MspImagePlugin
Importing PalmImagePlugin
Importing PcdImagePlugin
Importing PcxImagePlugin
Importing PdfImagePlugin
Importing PixarImagePlugin
Importing PngImagePlugin
Importing PpmImagePlugin
Importing PsdImagePlugin
Importing QoiImagePlugin
Importing SgiImagePlugin
Importing SpiderImagePlugin
Importing SunImagePlugin
Importing TgaImagePlugin
Importing TiffImagePlugin
Importing WebPImagePlugin
Importing WmfImagePlugin
Importing XbmImagePlugin
Importing XpmImagePlugin
Importing XVThumbImagePlugin
Not Found: /product_images/profile.png
C:\Users\Rearms\Desktop\Web\Ecommerce\django\backend\settings.py changed, reloading.
Watching for file changes with StatReloader
C:\Users\Rearms\Desktop\Web\Ecommerce\django\backend\settings.py changed, reloading.
Watching for file changes with StatReloader
C:\Users\Rearms\Desktop\Web\Ecommerce\django\backend\settings.py changed, reloading.
Watching for file changes with StatReloader
C:\Users\Rearms\Desktop\Web\Ecommerce\django\backend\settings.py changed, reloading.
Watching for file changes with StatReloader
C:\Users\Rearms\Desktop\Web\Ecommerce\django\WebApi\urls.py changed, reloading.
Watching for file changes with StatReloader
C:\Users\Rearms\Desktop\Web\Ecommerce\django\WebApi\urls.py changed, reloading.
Watching for file changes with StatReloader
C:\Users\Rearms\Desktop\Web\Ecommerce\django\WebApi\models.py changed, reloading.
Watching for file changes with StatReloader
STREAM b'IHDR' 16 13
STREAM b'IDAT' 41 32768
Importing BlpImagePlugin
Importing BmpImagePlugin
Importing BufrStubImagePlugin
Importing CurImagePlugin
Importing DcxImagePlugin
Importing DdsImagePlugin
Importing EpsImagePlugin
Importing FitsImagePlugin
Importing FliImagePlugin
Importing FpxImagePlugin
Image: failed to import FpxImagePlugin: No module named 'olefile'
Importing FtexImagePlugin
Importing GbrImagePlugin
Importing GifImagePlugin
Importing GribStubImagePlugin
Importing Hdf5StubImagePlugin
Importing IcnsImagePlugin
Importing IcoImagePlugin
Importing ImImagePlugin
Importing ImtImagePlugin
Importing IptcImagePlugin
Importing JpegImagePlugin
Importing Jpeg2KImagePlugin
Importing McIdasImagePlugin
Importing MicImagePlugin
Image: failed to import MicImagePlugin: No module named 'olefile'
Importing MpegImagePlugin
Importing MpoImagePlugin
Importing MspImagePlugin
Importing PalmImagePlugin
Importing PcdImagePlugin
Importing PcxImagePlugin
Importing PdfImagePlugin
Importing PixarImagePlugin
Importing PngImagePlugin
Importing PpmImagePlugin
Importing PsdImagePlugin
Importing QoiImagePlugin
Importing SgiImagePlugin
Importing SpiderImagePlugin
Importing SunImagePlugin
Importing TgaImagePlugin
Importing TiffImagePlugin
Importing WebPImagePlugin
Importing WmfImagePlugin
Importing XbmImagePlugin
Importing XpmImagePlugin
Importing XVThumbImagePlugin
C:\Users\Rearms\Desktop\Web\Ecommerce\django\WebApi\models.py changed, reloading.
Watching for file changes with StatReloader
STREAM b'IHDR' 16 13
STREAM b'IDAT' 41 32768
Importing BlpImagePlugin
Importing BmpImagePlugin
Importing BufrStubImagePlugin
Importing CurImagePlugin
Importing DcxImagePlugin
Importing DdsImagePlugin
Importing EpsImagePlugin
Importing FitsImagePlugin
Importing FliImagePlugin
Importing FpxImagePlugin
Image: failed to import FpxImagePlugin: No module named 'olefile'
Importing FtexImagePlugin
Importing GbrImagePlugin
Importing GifImagePlugin
Importing GribStubImagePlugin
Importing Hdf5StubImagePlugin
Importing IcnsImagePlugin
Importing IcoImagePlugin
Importing ImImagePlugin
Importing ImtImagePlugin
Importing IptcImagePlugin
Importing JpegImagePlugin
Importing Jpeg2KImagePlugin
Importing McIdasImagePlugin
Importing MicImagePlugin
Image: failed to import MicImagePlugin: No module named 'olefile'
Importing MpegImagePlugin
Importing MpoImagePlugin
Importing MspImagePlugin
Importing PalmImagePlugin
Importing PcdImagePlugin
Importing PcxImagePlugin
Importing PdfImagePlugin
Importing PixarImagePlugin
Importing PngImagePlugin
Importing PpmImagePlugin
Importing PsdImagePlugin
Importing QoiImagePlugin
Importing SgiImagePlugin
Importing SpiderImagePlugin
Importing SunImagePlugin
Importing TgaImagePlugin
Importing TiffImagePlugin
Importing WebPImagePlugin
Importing WmfImagePlugin
Importing XbmImagePlugin
Importing XpmImagePlugin
Importing XVThumbImagePlugin
STREAM b'IHDR' 16 13
STREAM b'IDAT' 41 32768
C:\Users\Rearms\Desktop\Web\Ecommerce\django\WebApi\views.py changed, reloading.
Watching for file changes with StatReloader
C:\Users\Rearms\Desktop\Web\Ecommerce\django\WebApi\urls.py changed, reloading.
Watching for file changes with StatReloader
C:\Users\Rearms\Desktop\Web\Ecommerce\django\WebApi\urls.py changed, reloading.
Watching for file changes with StatReloader
Internal Server Error: /api/delproducts/1/
Traceback (most recent call last):
  File "C:\Users\Rearms\AppData\Local\Programs\Python\Python39\lib\site-packages\django\core\handlers\exception.py", line 55, in inner
    response = get_response(request)
  File "C:\Users\Rearms\AppData\Local\Programs\Python\Python39\lib\site-packages\django\core\handlers\base.py", line 197, in _get_response
    response = wrapped_callback(request, *callback_args, **callback_kwargs)
  File "C:\Users\Rearms\AppData\Local\Programs\Python\Python39\lib\site-packages\django\views\decorators\csrf.py", line 56, in wrapper_view
    return view_func(*args, **kwargs)
  File "C:\Users\Rearms\AppData\Local\Programs\Python\Python39\lib\site-packages\django\views\generic\base.py", line 104, in view
    return self.dispatch(request, *args, **kwargs)
  File "C:\Users\Rearms\AppData\Local\Programs\Python\Python39\lib\site-packages\rest_framework\views.py", line 509, in dispatch
    response = self.handle_exception(exc)
  File "C:\Users\Rearms\AppData\Local\Programs\Python\Python39\lib\site-packages\rest_framework\views.py", line 469, in handle_exception
    self.raise_uncaught_exception(exc)
  File "C:\Users\Rearms\AppData\Local\Programs\Python\Python39\lib\site-packages\rest_framework\views.py", line 480, in raise_uncaught_exception
    raise exc
  File "C:\Users\Rearms\AppData\Local\Programs\Python\Python39\lib\site-packages\rest_framework\views.py", line 506, in dispatch
    response = handler(request, *args, **kwargs)
  File "C:\Users\Rearms\Desktop\Web\Ecommerce\django\WebApi\views.py", line 75, in delete
    product = self.get_object(pk)
AttributeError: 'ProductList' object has no attribute 'get_object'
C:\Users\Rearms\Desktop\Web\Ecommerce\django\WebApi\views.py changed, reloading.
Watching for file changes with StatReloader
C:\Users\Rearms\Desktop\Web\Ecommerce\django\backend\settings.py changed, reloading.
Watching for file changes with StatReloader
C:\Users\Rearms\Desktop\Web\Ecommerce\django\WebApi\serializers.py changed, reloading.
Watching for file changes with StatReloader
C:\Users\Rearms\Desktop\Web\Ecommerce\django\WebApi\models.py changed, reloading.
Watching for file changes with StatReloader
C:\Users\Rearms\Desktop\Web\Ecommerce\django\WebApi\models.py changed, reloading.
Watching for file changes with StatReloader
C:\Users\Rearms\Desktop\Web\Ecommerce\django\WebApi\serializers.py changed, reloading.
Watching for file changes with StatReloader
C:\Users\Rearms\Desktop\Web\Ecommerce\django\WebApi\serializers.py changed, reloading.
Watching for file changes with StatReloader
C:\Users\Rearms\Desktop\Web\Ecommerce\django\WebApi\serializers.py changed, reloading.
Watching for file changes with StatReloader
C:\Users\Rearms\Desktop\Web\Ecommerce\django\WebApi\serializers.py changed, reloading.
Watching for file changes with StatReloader
Watching for file changes with StatReloader
Not Found: /api/api/upload-image/
Unsupported Media Type: /api/postproducts/
C:\Users\Rearms\Desktop\Web\Ecommerce\django\WebApi\serializers.py changed, reloading.
Watching for file changes with StatReloader
C:\Users\Rearms\Desktop\Web\Ecommerce\django\WebApi\views.py changed, reloading.
Watching for file changes with StatReloader
Bad Request: /api/upload-image/
Bad Request: /api/upload-image/
C:\Users\Rearms\Desktop\Web\Ecommerce\django\WebApi\views.py changed, reloading.
Watching for file changes with StatReloader
Bad Request: /api/upload-image/
Bad Request: /api/upload-image/
C:\Users\Rearms\Desktop\Web\Ecommerce\django\WebApi\views.py changed, reloading.
Watching for file changes with StatReloader
C:\Users\Rearms\Desktop\Web\Ecommerce\django\WebApi\urls.py changed, reloading.
Watching for file changes with StatReloader
Not Found: /api/upload-image/
Not Found: /api/api/postproducts/
STREAM b'IHDR' 16 13
STREAM b'IDAT' 41 32768
Importing BlpImagePlugin
Importing BmpImagePlugin
Importing BufrStubImagePlugin
Importing CurImagePlugin
Importing DcxImagePlugin
Importing DdsImagePlugin
Importing EpsImagePlugin
Importing FitsImagePlugin
Importing FliImagePlugin
Importing FpxImagePlugin
Image: failed to import FpxImagePlugin: No module named 'olefile'
Importing FtexImagePlugin
Importing GbrImagePlugin
Importing GifImagePlugin
Importing GribStubImagePlugin
Importing Hdf5StubImagePlugin
Importing IcnsImagePlugin
Importing IcoImagePlugin
Importing ImImagePlugin
Importing ImtImagePlugin
Importing IptcImagePlugin
Importing JpegImagePlugin
Importing Jpeg2KImagePlugin
Importing McIdasImagePlugin
Importing MicImagePlugin
Image: failed to import MicImagePlugin: No module named 'olefile'
Importing MpegImagePlugin
Importing MpoImagePlugin
Importing MspImagePlugin
Importing PalmImagePlugin
Importing PcdImagePlugin
Importing PcxImagePlugin
Importing PdfImagePlugin
Importing PixarImagePlugin
Importing PngImagePlugin
Importing PpmImagePlugin
Importing PsdImagePlugin
Importing QoiImagePlugin
Importing SgiImagePlugin
Importing SpiderImagePlugin
Importing SunImagePlugin
Importing TgaImagePlugin
Importing TiffImagePlugin
Importing WebPImagePlugin
Importing WmfImagePlugin
Importing XbmImagePlugin
Importing XpmImagePlugin
Importing XVThumbImagePlugin
C:\Users\Rearms\Desktop\Web\Ecommerce\django\WebApi\serializers.py changed, reloading.
Watching for file changes with StatReloader
